2019-06-17 19:19:50,614 [Worker-4: Loading available Gradle versions] INFO  o.e.b.c.i.u.g.PublishedGradleVersions - Gradle version information cache is up-to-date. Trying to read.
2019-06-17 19:21:21,333 [Worker-11: Updating Maven Dependencies] INFO  o.e.m.c.i.l.LifecycleMappingFactory - Using org.eclipse.m2e.jdt.JarLifecycleMapping lifecycle mapping for MavenProject: com.abc.ordermanagement:abc-company-configservice:0.0.1-SNAPSHOT @ C:\DSDiwakar\ex\Java\SpringBoot\Ex2\Workspace\abc-company-configservice\pom.xml.
2019-06-17 19:21:27,503 [Worker-11: Updating Maven Dependencies] INFO  o.e.m.c.i.e.AbstractTransferListenerAdapter - Downloading https://repo.maven.apache.org/maven2/org/springframework/cloud/spring-cloud-config-server/2.1.1.RELEASE/spring-cloud-config-server-2.1.1.RELEASE.pom
2019-06-17 19:21:27,874 [Worker-11: Updating Maven Dependencies] INFO  o.e.m.c.i.e.AbstractTransferListenerAdapter - Downloaded https://repo.maven.apache.org/maven2/org/springframework/cloud/spring-cloud-config-server/2.1.1.RELEASE/spring-cloud-config-server-2.1.1.RELEASE.pom
2019-06-17 19:21:28,768 [Worker-11: Updating Maven Dependencies] INFO  o.e.m.c.i.e.AbstractTransferListenerAdapter - Downloading https://repo.maven.apache.org/maven2/org/springframework/cloud/spring-cloud-config/2.1.1.RELEASE/spring-cloud-config-2.1.1.RELEASE.pom
2019-06-17 19:21:29,402 [Worker-11: Updating Maven Dependencies] INFO  o.e.m.c.i.e.AbstractTransferListenerAdapter - Downloaded https://repo.maven.apache.org/maven2/org/springframework/cloud/spring-cloud-config/2.1.1.RELEASE/spring-cloud-config-2.1.1.RELEASE.pom
2019-06-17 19:21:30,051 [Worker-11: Updating Maven Dependencies] INFO  o.e.m.c.i.e.AbstractTransferListenerAdapter - Downloading https://repo.maven.apache.org/maven2/org/springframework/cloud/spring-cloud-config-client/2.1.1.RELEASE/spring-cloud-config-client-2.1.1.RELEASE.pom
2019-06-17 19:21:30,402 [Worker-11: Updating Maven Dependencies] INFO  o.e.m.c.i.e.AbstractTransferListenerAdapter - Downloaded https://repo.maven.apache.org/maven2/org/springframework/cloud/spring-cloud-config-client/2.1.1.RELEASE/spring-cloud-config-client-2.1.1.RELEASE.pom
2019-06-17 19:21:31,095 [Worker-11: Updating Maven Dependencies] INFO  o.e.m.c.i.e.AbstractTransferListenerAdapter - Downloading https://repo.maven.apache.org/maven2/org/eclipse/jgit/org.eclipse.jgit/5.1.3.201810200350-r/org.eclipse.jgit-5.1.3.201810200350-r.pom
2019-06-17 19:21:31,704 [Worker-12: Building workspace] INFO  o.e.m.c.i.l.LifecycleMappingFactory - Using org.eclipse.m2e.jdt.JarLifecycleMapping lifecycle mapping for MavenProject: com.abc.ordermanagement:abc-company-configservice:0.0.1-SNAPSHOT @ C:\DSDiwakar\ex\Java\SpringBoot\Ex2\Workspace\abc-company-configservice\pom.xml.
2019-06-17 19:21:32,095 [Worker-11: Updating Maven Dependencies] INFO  o.e.m.c.i.e.AbstractTransferListenerAdapter - Downloaded https://repo.maven.apache.org/maven2/org/eclipse/jgit/org.eclipse.jgit/5.1.3.201810200350-r/org.eclipse.jgit-5.1.3.201810200350-r.pom
2019-06-17 19:21:33,088 [Worker-11: Updating Maven Dependencies] INFO  o.e.m.c.i.e.AbstractTransferListenerAdapter - Downloading https://repo.maven.apache.org/maven2/org/eclipse/jgit/org.eclipse.jgit-parent/5.1.3.201810200350-r/org.eclipse.jgit-parent-5.1.3.201810200350-r.pom
2019-06-17 19:21:35,942 [Worker-11: Updating Maven Dependencies] INFO  o.e.m.c.i.e.AbstractTransferListenerAdapter - Downloaded https://repo.maven.apache.org/maven2/org/eclipse/jgit/org.eclipse.jgit-parent/5.1.3.201810200350-r/org.eclipse.jgit-parent-5.1.3.201810200350-r.pom
2019-06-17 19:21:36,244 [Worker-12: Building workspace] INFO  o.e.m.c.i.e.AbstractTransferListenerAdapter - Downloading https://repo.maven.apache.org/maven2/org/eclipse/jgit/org.eclipse.jgit-parent/5.1.3.201810200350-r/org.eclipse.jgit-parent-5.1.3.201810200350-r.pom
2019-06-17 19:21:36,321 [Worker-11: Updating Maven Dependencies] INFO  o.e.m.c.i.e.AbstractTransferListenerAdapter - Downloading https://repo.maven.apache.org/maven2/com/jcraft/jsch/0.1.54/jsch-0.1.54.pom
2019-06-17 19:21:36,894 [Worker-11: Updating Maven Dependencies] INFO  o.e.m.c.i.e.AbstractTransferListenerAdapter - Downloaded https://repo.maven.apache.org/maven2/com/jcraft/jsch/0.1.54/jsch-0.1.54.pom
2019-06-17 19:21:37,342 [Worker-11: Updating Maven Dependencies] INFO  o.e.m.c.i.e.AbstractTransferListenerAdapter - Downloading https://repo.maven.apache.org/maven2/org/sonatype/oss/oss-parent/6/oss-parent-6.pom
2019-06-17 19:21:37,635 [Worker-12: Building workspace] INFO  o.e.m.c.i.e.AbstractTransferListenerAdapter - Downloaded https://repo.maven.apache.org/maven2/org/eclipse/jgit/org.eclipse.jgit-parent/5.1.3.201810200350-r/org.eclipse.jgit-parent-5.1.3.201810200350-r.pom
2019-06-17 19:21:37,675 [Worker-11: Updating Maven Dependencies] INFO  o.e.m.c.i.e.AbstractTransferListenerAdapter - Downloaded https://repo.maven.apache.org/maven2/org/sonatype/oss/oss-parent/6/oss-parent-6.pom
2019-06-17 19:21:38,071 [Worker-12: Building workspace] INFO  o.e.m.c.i.e.AbstractTransferListenerAdapter - Downloading https://repo.maven.apache.org/maven2/com/jcraft/jzlib/1.1.1/jzlib-1.1.1.pom
2019-06-17 19:21:38,404 [Worker-12: Building workspace] INFO  o.e.m.c.i.e.AbstractTransferListenerAdapter - Downloaded https://repo.maven.apache.org/maven2/com/jcraft/jzlib/1.1.1/jzlib-1.1.1.pom
2019-06-17 19:21:38,617 [Worker-11: Updating Maven Dependencies] INFO  o.e.m.c.i.e.AbstractTransferListenerAdapter - Downloading https://repo.maven.apache.org/maven2/com/jcraft/jzlib/1.1.1/jzlib-1.1.1.pom
2019-06-17 19:21:38,758 [Worker-12: Building workspace] INFO  o.e.m.c.i.e.AbstractTransferListenerAdapter - Downloading https://repo.maven.apache.org/maven2/com/googlecode/javaewah/JavaEWAH/1.1.6/JavaEWAH-1.1.6.pom
2019-06-17 19:21:38,966 [Worker-11: Updating Maven Dependencies] INFO  o.e.m.c.i.e.AbstractTransferListenerAdapter - Downloaded https://repo.maven.apache.org/maven2/com/jcraft/jzlib/1.1.1/jzlib-1.1.1.pom
2019-06-17 19:21:39,305 [Worker-11: Updating Maven Dependencies] INFO  o.e.m.c.i.e.AbstractTransferListenerAdapter - Downloading https://repo.maven.apache.org/maven2/com/googlecode/javaewah/JavaEWAH/1.1.6/JavaEWAH-1.1.6.pom
2019-06-17 19:21:39,989 [Worker-12: Building workspace] INFO  o.e.m.c.i.e.AbstractTransferListenerAdapter - Downloaded https://repo.maven.apache.org/maven2/com/googlecode/javaewah/JavaEWAH/1.1.6/JavaEWAH-1.1.6.pom
2019-06-17 19:21:40,551 [Worker-11: Updating Maven Dependencies] INFO  o.e.m.c.i.e.AbstractTransferListenerAdapter - Downloaded https://repo.maven.apache.org/maven2/com/googlecode/javaewah/JavaEWAH/1.1.6/JavaEWAH-1.1.6.pom
2019-06-17 19:21:40,946 [Worker-11: Updating Maven Dependencies] INFO  o.e.m.c.i.e.AbstractTransferListenerAdapter - Downloading https://repo.maven.apache.org/maven2/org/eclipse/jgit/org.eclipse.jgit.http.apache/5.1.3.201810200350-r/org.eclipse.jgit.http.apache-5.1.3.201810200350-r.pom
2019-06-17 19:21:41,557 [Worker-12: Building workspace] INFO  o.e.m.c.i.e.AbstractTransferListenerAdapter - Downloading https://repo.maven.apache.org/maven2/org/eclipse/jgit/org.eclipse.jgit.http.apache/5.1.3.201810200350-r/org.eclipse.jgit.http.apache-5.1.3.201810200350-r.pom
2019-06-17 19:21:41,914 [Worker-12: Building workspace] INFO  o.e.m.c.i.e.AbstractTransferListenerAdapter - Downloaded https://repo.maven.apache.org/maven2/org/eclipse/jgit/org.eclipse.jgit.http.apache/5.1.3.201810200350-r/org.eclipse.jgit.http.apache-5.1.3.201810200350-r.pom
2019-06-17 19:21:42,725 [Worker-11: Updating Maven Dependencies] INFO  o.e.m.c.i.e.AbstractTransferListenerAdapter - Downloaded https://repo.maven.apache.org/maven2/org/eclipse/jgit/org.eclipse.jgit.http.apache/5.1.3.201810200350-r/org.eclipse.jgit.http.apache-5.1.3.201810200350-r.pom
2019-06-17 19:21:44,086 [Worker-12: Building workspace] INFO  o.e.m.c.i.e.AbstractTransferListenerAdapter - Downloading https://repo.maven.apache.org/maven2/org/springframework/cloud/spring-cloud-config-server/2.1.1.RELEASE/spring-cloud-config-server-2.1.1.RELEASE.jar
2019-06-17 19:21:44,143 [Worker-11: Updating Maven Dependencies] INFO  o.e.m.c.i.e.AbstractTransferListenerAdapter - Downloading https://repo.maven.apache.org/maven2/org/springframework/cloud/spring-cloud-config-server/2.1.1.RELEASE/spring-cloud-config-server-2.1.1.RELEASE.jar
2019-06-17 19:22:07,081 [Worker-11: Updating Maven Dependencies] INFO  o.e.m.c.i.e.AbstractTransferListenerAdapter - Downloaded https://repo.maven.apache.org/maven2/org/springframework/cloud/spring-cloud-config-server/2.1.1.RELEASE/spring-cloud-config-server-2.1.1.RELEASE.jar
2019-06-17 19:22:07,646 [Worker-11: Updating Maven Dependencies] INFO  o.e.m.c.i.e.AbstractTransferListenerAdapter - Downloading https://repo.maven.apache.org/maven2/org/springframework/cloud/spring-cloud-config-client/2.1.1.RELEASE/spring-cloud-config-client-2.1.1.RELEASE.jar
2019-06-17 19:22:07,760 [Worker-12: Building workspace] INFO  o.e.m.c.i.e.AbstractTransferListenerAdapter - Downloaded https://repo.maven.apache.org/maven2/org/springframework/cloud/spring-cloud-config-server/2.1.1.RELEASE/spring-cloud-config-server-2.1.1.RELEASE.jar
2019-06-17 19:22:08,577 [Worker-12: Building workspace] INFO  o.e.m.c.i.e.AbstractTransferListenerAdapter - Downloading https://repo.maven.apache.org/maven2/org/springframework/cloud/spring-cloud-config-client/2.1.1.RELEASE/spring-cloud-config-client-2.1.1.RELEASE.jar
2019-06-17 19:22:10,957 [Worker-11: Updating Maven Dependencies] INFO  o.e.m.c.i.e.AbstractTransferListenerAdapter - Downloaded https://repo.maven.apache.org/maven2/org/springframework/cloud/spring-cloud-config-client/2.1.1.RELEASE/spring-cloud-config-client-2.1.1.RELEASE.jar
2019-06-17 19:22:12,076 [Worker-11: Updating Maven Dependencies] INFO  o.e.m.c.i.e.AbstractTransferListenerAdapter - Downloading https://repo.maven.apache.org/maven2/org/eclipse/jgit/org.eclipse.jgit/5.1.3.201810200350-r/org.eclipse.jgit-5.1.3.201810200350-r.jar
2019-06-17 19:22:15,250 [Worker-12: Building workspace] INFO  o.e.m.c.i.e.AbstractTransferListenerAdapter - Downloaded https://repo.maven.apache.org/maven2/org/springframework/cloud/spring-cloud-config-client/2.1.1.RELEASE/spring-cloud-config-client-2.1.1.RELEASE.jar
2019-06-17 19:22:16,059 [Worker-12: Building workspace] INFO  o.e.m.c.i.e.AbstractTransferListenerAdapter - Downloading https://repo.maven.apache.org/maven2/org/eclipse/jgit/org.eclipse.jgit/5.1.3.201810200350-r/org.eclipse.jgit-5.1.3.201810200350-r.jar
2019-06-17 19:26:23,975 [Worker-11: Updating Maven Dependencies] INFO  o.e.m.c.i.e.AbstractTransferListenerAdapter - Downloaded https://repo.maven.apache.org/maven2/org/eclipse/jgit/org.eclipse.jgit/5.1.3.201810200350-r/org.eclipse.jgit-5.1.3.201810200350-r.jar
2019-06-17 19:26:24,683 [Worker-11: Updating Maven Dependencies] INFO  o.e.m.c.i.e.AbstractTransferListenerAdapter - Downloading https://repo.maven.apache.org/maven2/com/jcraft/jsch/0.1.54/jsch-0.1.54.jar
2019-06-17 19:26:33,528 [Worker-12: Building workspace] INFO  o.e.m.c.i.e.AbstractTransferListenerAdapter - Downloaded https://repo.maven.apache.org/maven2/org/eclipse/jgit/org.eclipse.jgit/5.1.3.201810200350-r/org.eclipse.jgit-5.1.3.201810200350-r.jar
2019-06-17 19:26:33,831 [Worker-12: Building workspace] INFO  o.e.m.c.i.e.AbstractTransferListenerAdapter - Downloading https://repo.maven.apache.org/maven2/com/jcraft/jsch/0.1.54/jsch-0.1.54.jar
2019-06-17 19:26:52,002 [Worker-11: Updating Maven Dependencies] INFO  o.e.m.c.i.e.AbstractTransferListenerAdapter - Downloaded https://repo.maven.apache.org/maven2/com/jcraft/jsch/0.1.54/jsch-0.1.54.jar
2019-06-17 19:26:52,305 [Worker-11: Updating Maven Dependencies] INFO  o.e.m.c.i.e.AbstractTransferListenerAdapter - Downloading https://repo.maven.apache.org/maven2/com/jcraft/jzlib/1.1.1/jzlib-1.1.1.jar
2019-06-17 19:26:59,282 [Worker-11: Updating Maven Dependencies] INFO  o.e.m.c.i.e.AbstractTransferListenerAdapter - Downloaded https://repo.maven.apache.org/maven2/com/jcraft/jzlib/1.1.1/jzlib-1.1.1.jar
2019-06-17 19:26:59,849 [Worker-11: Updating Maven Dependencies] INFO  o.e.m.c.i.e.AbstractTransferListenerAdapter - Downloading https://repo.maven.apache.org/maven2/com/googlecode/javaewah/JavaEWAH/1.1.6/JavaEWAH-1.1.6.jar
2019-06-17 19:27:04,981 [Worker-12: Building workspace] INFO  o.e.m.c.i.e.AbstractTransferListenerAdapter - Downloaded https://repo.maven.apache.org/maven2/com/jcraft/jsch/0.1.54/jsch-0.1.54.jar
2019-06-17 19:27:05,281 [Worker-12: Building workspace] INFO  o.e.m.c.i.e.AbstractTransferListenerAdapter - Downloading https://repo.maven.apache.org/maven2/com/jcraft/jzlib/1.1.1/jzlib-1.1.1.jar
2019-06-17 19:27:13,617 [Worker-12: Building workspace] INFO  o.e.m.c.i.e.AbstractTransferListenerAdapter - Downloaded https://repo.maven.apache.org/maven2/com/jcraft/jzlib/1.1.1/jzlib-1.1.1.jar
2019-06-17 19:27:13,990 [Worker-12: Building workspace] INFO  o.e.m.c.i.e.AbstractTransferListenerAdapter - Downloading https://repo.maven.apache.org/maven2/com/googlecode/javaewah/JavaEWAH/1.1.6/JavaEWAH-1.1.6.jar
2019-06-17 19:27:16,027 [Worker-11: Updating Maven Dependencies] INFO  o.e.m.c.i.e.AbstractTransferListenerAdapter - Downloaded https://repo.maven.apache.org/maven2/com/googlecode/javaewah/JavaEWAH/1.1.6/JavaEWAH-1.1.6.jar
2019-06-17 19:27:16,330 [Worker-11: Updating Maven Dependencies] INFO  o.e.m.c.i.e.AbstractTransferListenerAdapter - Downloading https://repo.maven.apache.org/maven2/org/eclipse/jgit/org.eclipse.jgit.http.apache/5.1.3.201810200350-r/org.eclipse.jgit.http.apache-5.1.3.201810200350-r.jar
2019-06-17 19:27:18,365 [Worker-11: Updating Maven Dependencies] INFO  o.e.m.c.i.e.AbstractTransferListenerAdapter - Downloaded https://repo.maven.apache.org/maven2/org/eclipse/jgit/org.eclipse.jgit.http.apache/5.1.3.201810200350-r/org.eclipse.jgit.http.apache-5.1.3.201810200350-r.jar
2019-06-17 19:27:31,624 [Worker-12: Building workspace] INFO  o.e.m.c.i.e.AbstractTransferListenerAdapter - Downloaded https://repo.maven.apache.org/maven2/com/googlecode/javaewah/JavaEWAH/1.1.6/JavaEWAH-1.1.6.jar
2019-06-17 19:27:31,926 [Worker-12: Building workspace] INFO  o.e.m.c.i.e.AbstractTransferListenerAdapter - Downloading https://repo.maven.apache.org/maven2/org/eclipse/jgit/org.eclipse.jgit.http.apache/5.1.3.201810200350-r/org.eclipse.jgit.http.apache-5.1.3.201810200350-r.jar
2019-06-17 19:27:35,170 [Worker-12: Building workspace] INFO  o.e.m.c.i.e.AbstractTransferListenerAdapter - Downloaded https://repo.maven.apache.org/maven2/org/eclipse/jgit/org.eclipse.jgit.http.apache/5.1.3.201810200350-r/org.eclipse.jgit.http.apache-5.1.3.201810200350-r.jar
2019-06-17 19:27:46,245 [Worker-12: Building workspace] INFO  o.e.m.c.i.embedder.EclipseLogger - Using 'UTF-8' encoding to copy filtered resources.
2019-06-17 19:27:46,289 [Worker-12: Building workspace] INFO  o.e.m.c.i.embedder.EclipseLogger - Copying 1 resource
2019-06-17 19:27:46,426 [Worker-12: Building workspace] INFO  o.e.m.c.i.embedder.EclipseLogger - Copying 0 resource
2019-06-17 19:27:46,436 [Worker-12: Building workspace] INFO  o.e.m.c.i.embedder.EclipseLogger - Using 'UTF-8' encoding to copy filtered resources.
2019-06-17 19:27:46,438 [Worker-12: Building workspace] INFO  o.e.m.c.i.embedder.EclipseLogger - skip non existing resourceDirectory C:\DSDiwakar\ex\Java\SpringBoot\Ex2\Workspace\abc-company-configservice\src\test\resources
2019-06-17 19:27:46,658 [Worker-8: Updating Maven Project] INFO  o.e.m.c.i.p.ProjectConfigurationManager - Update started
2019-06-17 19:27:51,882 [Worker-15: Download sources and javadoc] INFO  o.e.m.c.i.e.AbstractTransferListenerAdapter - Downloading https://repo.maven.apache.org/maven2/org/springframework/cloud/spring-cloud-config-server/2.1.1.RELEASE/spring-cloud-config-server-2.1.1.RELEASE-sources.jar
2019-06-17 19:27:57,103 [Worker-8: Updating Maven Project] INFO  o.e.m.c.i.l.LifecycleMappingFactory - Using org.eclipse.m2e.jdt.JarLifecycleMapping lifecycle mapping for MavenProject: com.abc.ordermanagement:abc-company-configservice:0.0.1-SNAPSHOT @ C:\DSDiwakar\ex\Java\SpringBoot\Ex2\Workspace\abc-company-configservice\pom.xml.
2019-06-17 19:28:00,308 [Worker-8: Updating Maven Project] INFO  o.e.m.c.i.l.LifecycleMappingFactory - Using org.eclipse.m2e.jdt.JarLifecycleMapping lifecycle mapping for MavenProject: com.abc.ordermanagement:abc-company-customer:0.0.1-SNAPSHOT @ C:\DSDiwakar\ex\Java\SpringBoot\Ex2\Workspace\abc-company-customer\pom.xml.
2019-06-17 19:28:01,794 [Worker-8: Updating Maven Project] INFO  o.e.m.c.i.e.AbstractTransferListenerAdapter - Downloading https://repo.maven.apache.org/maven2/org/springframework/cloud/spring-cloud-starter-config/2.1.1.RELEASE/spring-cloud-starter-config-2.1.1.RELEASE.pom
2019-06-17 19:28:02,114 [Worker-8: Updating Maven Project] INFO  o.e.m.c.i.e.AbstractTransferListenerAdapter - Downloaded https://repo.maven.apache.org/maven2/org/springframework/cloud/spring-cloud-starter-config/2.1.1.RELEASE/spring-cloud-starter-config-2.1.1.RELEASE.pom
2019-06-17 19:28:02,474 [Worker-8: Updating Maven Project] INFO  o.e.m.c.i.e.AbstractTransferListenerAdapter - Downloading https://repo.maven.apache.org/maven2/org/springframework/cloud/spring-cloud-starter-openfeign/2.1.1.RELEASE/spring-cloud-starter-openfeign-2.1.1.RELEASE.pom
2019-06-17 19:28:02,794 [Worker-8: Updating Maven Project] INFO  o.e.m.c.i.e.AbstractTransferListenerAdapter - Downloaded https://repo.maven.apache.org/maven2/org/springframework/cloud/spring-cloud-starter-openfeign/2.1.1.RELEASE/spring-cloud-starter-openfeign-2.1.1.RELEASE.pom
2019-06-17 19:28:03,393 [Worker-8: Updating Maven Project] INFO  o.e.m.c.i.e.AbstractTransferListenerAdapter - Downloading https://repo.maven.apache.org/maven2/org/springframework/cloud/spring-cloud-openfeign/2.1.1.RELEASE/spring-cloud-openfeign-2.1.1.RELEASE.pom
2019-06-17 19:28:03,714 [Worker-8: Updating Maven Project] INFO  o.e.m.c.i.e.AbstractTransferListenerAdapter - Downloaded https://repo.maven.apache.org/maven2/org/springframework/cloud/spring-cloud-openfeign/2.1.1.RELEASE/spring-cloud-openfeign-2.1.1.RELEASE.pom
2019-06-17 19:28:04,080 [Worker-8: Updating Maven Project] INFO  o.e.m.c.i.e.AbstractTransferListenerAdapter - Downloading https://repo.maven.apache.org/maven2/org/springframework/cloud/spring-cloud-openfeign-core/2.1.1.RELEASE/spring-cloud-openfeign-core-2.1.1.RELEASE.pom
2019-06-17 19:28:05,464 [Worker-8: Updating Maven Project] INFO  o.e.m.c.i.e.AbstractTransferListenerAdapter - Downloaded https://repo.maven.apache.org/maven2/org/springframework/cloud/spring-cloud-openfeign-core/2.1.1.RELEASE/spring-cloud-openfeign-core-2.1.1.RELEASE.pom
2019-06-17 19:28:06,193 [Worker-8: Updating Maven Project] INFO  o.e.m.c.i.e.AbstractTransferListenerAdapter - Downloading https://repo.maven.apache.org/maven2/io/github/openfeign/form/feign-form-spring/3.5.0/feign-form-spring-3.5.0.pom
2019-06-17 19:28:07,193 [Worker-8: Updating Maven Project] INFO  o.e.m.c.i.e.AbstractTransferListenerAdapter - Downloaded https://repo.maven.apache.org/maven2/io/github/openfeign/form/feign-form-spring/3.5.0/feign-form-spring-3.5.0.pom
2019-06-17 19:28:07,791 [Worker-8: Updating Maven Project] INFO  o.e.m.c.i.e.AbstractTransferListenerAdapter - Downloading https://repo.maven.apache.org/maven2/io/github/openfeign/form/parent/3.5.0/parent-3.5.0.pom
2019-06-17 19:28:08,125 [Worker-15: Download sources and javadoc] INFO  o.e.m.c.i.e.AbstractTransferListenerAdapter - Downloaded https://repo.maven.apache.org/maven2/org/springframework/cloud/spring-cloud-config-server/2.1.1.RELEASE/spring-cloud-config-server-2.1.1.RELEASE-sources.jar
2019-06-17 19:28:08,432 [Worker-15: Download sources and javadoc] INFO  o.e.m.j.internal.DownloadSourcesJob - Downloaded sources for org.springframework.cloud:spring-cloud-config-server:2.1.1.RELEASE
2019-06-17 19:28:09,352 [Worker-15: Download sources and javadoc] INFO  o.e.m.c.i.e.AbstractTransferListenerAdapter - Downloading https://repo.maven.apache.org/maven2/org/springframework/cloud/spring-cloud-config-client/2.1.1.RELEASE/spring-cloud-config-client-2.1.1.RELEASE-sources.jar
2019-06-17 19:28:09,598 [Worker-8: Updating Maven Project] INFO  o.e.m.c.i.e.AbstractTransferListenerAdapter - Downloaded https://repo.maven.apache.org/maven2/io/github/openfeign/form/parent/3.5.0/parent-3.5.0.pom
2019-06-17 19:28:09,950 [Worker-8: Updating Maven Project] INFO  o.e.m.c.i.e.AbstractTransferListenerAdapter - Downloading https://repo.maven.apache.org/maven2/io/github/openfeign/form/feign-form/3.5.0/feign-form-3.5.0.pom
2019-06-17 19:28:10,277 [Worker-8: Updating Maven Project] INFO  o.e.m.c.i.e.AbstractTransferListenerAdapter - Downloaded https://repo.maven.apache.org/maven2/io/github/openfeign/form/feign-form/3.5.0/feign-form-3.5.0.pom
2019-06-17 19:28:10,886 [Worker-8: Updating Maven Project] INFO  o.e.m.c.i.e.AbstractTransferListenerAdapter - Downloading https://repo.maven.apache.org/maven2/commons-fileupload/commons-fileupload/1.3.3/commons-fileupload-1.3.3.pom
2019-06-17 19:28:11,282 [Worker-15: Download sources and javadoc] INFO  o.e.m.c.i.e.AbstractTransferListenerAdapter - Downloaded https://repo.maven.apache.org/maven2/org/springframework/cloud/spring-cloud-config-client/2.1.1.RELEASE/spring-cloud-config-client-2.1.1.RELEASE-sources.jar
2019-06-17 19:28:11,497 [Worker-15: Download sources and javadoc] INFO  o.e.m.j.internal.DownloadSourcesJob - Downloaded sources for org.springframework.cloud:spring-cloud-config-client:2.1.1.RELEASE
2019-06-17 19:28:11,731 [Worker-8: Updating Maven Project] INFO  o.e.m.c.i.e.AbstractTransferListenerAdapter - Downloaded https://repo.maven.apache.org/maven2/commons-fileupload/commons-fileupload/1.3.3/commons-fileupload-1.3.3.pom
2019-06-17 19:28:12,448 [Worker-8: Updating Maven Project] INFO  o.e.m.c.i.e.AbstractTransferListenerAdapter - Downloading https://repo.maven.apache.org/maven2/io/github/openfeign/feign-core/10.1.0/feign-core-10.1.0.pom
2019-06-17 19:28:12,773 [Worker-8: Updating Maven Project] INFO  o.e.m.c.i.e.AbstractTransferListenerAdapter - Downloaded https://repo.maven.apache.org/maven2/io/github/openfeign/feign-core/10.1.0/feign-core-10.1.0.pom
2019-06-17 19:28:13,107 [Worker-8: Updating Maven Project] INFO  o.e.m.c.i.e.AbstractTransferListenerAdapter - Downloading https://repo.maven.apache.org/maven2/io/github/openfeign/parent/10.1.0/parent-10.1.0.pom
2019-06-17 19:28:14,199 [Worker-8: Updating Maven Project] INFO  o.e.m.c.i.e.AbstractTransferListenerAdapter - Downloaded https://repo.maven.apache.org/maven2/io/github/openfeign/parent/10.1.0/parent-10.1.0.pom
2019-06-17 19:28:14,530 [Worker-8: Updating Maven Project] INFO  o.e.m.c.i.e.AbstractTransferListenerAdapter - Downloading https://repo.maven.apache.org/maven2/io/github/openfeign/feign-slf4j/10.1.0/feign-slf4j-10.1.0.pom
2019-06-17 19:28:15,386 [Worker-15: Download sources and javadoc] INFO  o.e.m.c.i.e.AbstractTransferListenerAdapter - Downloading https://repo.maven.apache.org/maven2/org/eclipse/jgit/org.eclipse.jgit/5.1.3.201810200350-r/org.eclipse.jgit-5.1.3.201810200350-r-sources.jar
2019-06-17 19:28:16,325 [Worker-8: Updating Maven Project] INFO  o.e.m.c.i.e.AbstractTransferListenerAdapter - Downloaded https://repo.maven.apache.org/maven2/io/github/openfeign/feign-slf4j/10.1.0/feign-slf4j-10.1.0.pom
2019-06-17 19:28:16,913 [Worker-8: Updating Maven Project] INFO  o.e.m.c.i.e.AbstractTransferListenerAdapter - Downloading https://repo.maven.apache.org/maven2/io/github/openfeign/feign-hystrix/10.1.0/feign-hystrix-10.1.0.pom
2019-06-17 19:28:17,240 [Worker-8: Updating Maven Project] INFO  o.e.m.c.i.e.AbstractTransferListenerAdapter - Downloaded https://repo.maven.apache.org/maven2/io/github/openfeign/feign-hystrix/10.1.0/feign-hystrix-10.1.0.pom
2019-06-17 19:28:17,691 [Worker-8: Updating Maven Project] INFO  o.e.m.c.i.e.AbstractTransferListenerAdapter - Downloading https://repo.maven.apache.org/maven2/io/github/openfeign/feign-java8/10.1.0/feign-java8-10.1.0.pom
2019-06-17 19:28:18,502 [Worker-8: Updating Maven Project] INFO  o.e.m.c.i.e.AbstractTransferListenerAdapter - Downloaded https://repo.maven.apache.org/maven2/io/github/openfeign/feign-java8/10.1.0/feign-java8-10.1.0.pom
2019-06-17 19:28:21,577 [Worker-8: Updating Maven Project] INFO  o.e.m.c.i.e.AbstractTransferListenerAdapter - Downloading https://repo.maven.apache.org/maven2/org/springframework/cloud/spring-cloud-starter-config/2.1.1.RELEASE/spring-cloud-starter-config-2.1.1.RELEASE.jar
2019-06-17 19:28:21,896 [Worker-8: Updating Maven Project] INFO  o.e.m.c.i.e.AbstractTransferListenerAdapter - Downloaded https://repo.maven.apache.org/maven2/org/springframework/cloud/spring-cloud-starter-config/2.1.1.RELEASE/spring-cloud-starter-config-2.1.1.RELEASE.jar
2019-06-17 19:28:23,046 [Worker-8: Updating Maven Project] INFO  o.e.m.c.i.e.AbstractTransferListenerAdapter - Downloading https://repo.maven.apache.org/maven2/org/springframework/cloud/spring-cloud-starter-openfeign/2.1.1.RELEASE/spring-cloud-starter-openfeign-2.1.1.RELEASE.jar
2019-06-17 19:28:24,383 [Worker-8: Updating Maven Project] INFO  o.e.m.c.i.e.AbstractTransferListenerAdapter - Downloaded https://repo.maven.apache.org/maven2/org/springframework/cloud/spring-cloud-starter-openfeign/2.1.1.RELEASE/spring-cloud-starter-openfeign-2.1.1.RELEASE.jar
2019-06-17 19:28:25,445 [Worker-8: Updating Maven Project] INFO  o.e.m.c.i.e.AbstractTransferListenerAdapter - Downloading https://repo.maven.apache.org/maven2/org/springframework/cloud/spring-cloud-openfeign-core/2.1.1.RELEASE/spring-cloud-openfeign-core-2.1.1.RELEASE.jar
2019-06-17 19:28:35,762 [Worker-8: Updating Maven Project] INFO  o.e.m.c.i.e.AbstractTransferListenerAdapter - Downloaded https://repo.maven.apache.org/maven2/org/springframework/cloud/spring-cloud-openfeign-core/2.1.1.RELEASE/spring-cloud-openfeign-core-2.1.1.RELEASE.jar
2019-06-17 19:28:36,062 [Worker-8: Updating Maven Project] INFO  o.e.m.c.i.e.AbstractTransferListenerAdapter - Downloading https://repo.maven.apache.org/maven2/io/github/openfeign/form/feign-form-spring/3.5.0/feign-form-spring-3.5.0.jar
2019-06-17 19:28:36,953 [Worker-8: Updating Maven Project] INFO  o.e.m.c.i.e.AbstractTransferListenerAdapter - Downloaded https://repo.maven.apache.org/maven2/io/github/openfeign/form/feign-form-spring/3.5.0/feign-form-spring-3.5.0.jar
2019-06-17 19:28:37,248 [Worker-8: Updating Maven Project] INFO  o.e.m.c.i.e.AbstractTransferListenerAdapter - Downloading https://repo.maven.apache.org/maven2/io/github/openfeign/form/feign-form/3.5.0/feign-form-3.5.0.jar
2019-06-17 19:28:55,154 [Worker-8: Updating Maven Project] INFO  o.e.m.c.i.e.AbstractTransferListenerAdapter - Downloaded https://repo.maven.apache.org/maven2/io/github/openfeign/form/feign-form/3.5.0/feign-form-3.5.0.jar
2019-06-17 19:28:55,701 [Worker-8: Updating Maven Project] INFO  o.e.m.c.i.e.AbstractTransferListenerAdapter - Downloading https://repo.maven.apache.org/maven2/commons-fileupload/commons-fileupload/1.3.3/commons-fileupload-1.3.3.jar
2019-06-17 19:29:05,473 [Worker-8: Updating Maven Project] INFO  o.e.m.c.i.e.AbstractTransferListenerAdapter - Downloaded https://repo.maven.apache.org/maven2/commons-fileupload/commons-fileupload/1.3.3/commons-fileupload-1.3.3.jar
2019-06-17 19:29:06,125 [Worker-8: Updating Maven Project] INFO  o.e.m.c.i.e.AbstractTransferListenerAdapter - Downloading https://repo.maven.apache.org/maven2/io/github/openfeign/feign-core/10.1.0/feign-core-10.1.0.jar
2019-06-17 19:29:23,458 [Worker-8: Updating Maven Project] INFO  o.e.m.c.i.e.AbstractTransferListenerAdapter - Downloaded https://repo.maven.apache.org/maven2/io/github/openfeign/feign-core/10.1.0/feign-core-10.1.0.jar
2019-06-17 19:29:23,756 [Worker-8: Updating Maven Project] INFO  o.e.m.c.i.e.AbstractTransferListenerAdapter - Downloading https://repo.maven.apache.org/maven2/io/github/openfeign/feign-slf4j/10.1.0/feign-slf4j-10.1.0.jar
2019-06-17 19:29:24,323 [Worker-8: Updating Maven Project] INFO  o.e.m.c.i.e.AbstractTransferListenerAdapter - Downloaded https://repo.maven.apache.org/maven2/io/github/openfeign/feign-slf4j/10.1.0/feign-slf4j-10.1.0.jar
2019-06-17 19:29:24,616 [Worker-8: Updating Maven Project] INFO  o.e.m.c.i.e.AbstractTransferListenerAdapter - Downloading https://repo.maven.apache.org/maven2/io/github/openfeign/feign-hystrix/10.1.0/feign-hystrix-10.1.0.jar
2019-06-17 19:29:26,179 [Worker-8: Updating Maven Project] INFO  o.e.m.c.i.e.AbstractTransferListenerAdapter - Downloaded https://repo.maven.apache.org/maven2/io/github/openfeign/feign-hystrix/10.1.0/feign-hystrix-10.1.0.jar
2019-06-17 19:29:31,620 [Worker-8: Updating Maven Project] INFO  o.e.m.c.i.l.LifecycleMappingFactory - Using org.eclipse.m2e.jdt.JarLifecycleMapping lifecycle mapping for MavenProject: com.abc.ordermanagement:abc-company-eurekaserver:0.0.1-SNAPSHOT @ C:\DSDiwakar\ex\Java\SpringBoot\Ex2\Workspace\abc-company-eurekaserver\pom.xml.
2019-06-17 19:29:34,322 [Worker-8: Updating Maven Project] INFO  o.e.m.c.i.l.LifecycleMappingFactory - Using org.eclipse.m2e.jdt.JarLifecycleMapping lifecycle mapping for MavenProject: com.abc.ordermanagement:abc-company-eurekazuul:0.0.1-SNAPSHOT @ C:\DSDiwakar\ex\Java\SpringBoot\Ex2\Workspace\abc-company-eurekazuul\pom.xml.
2019-06-17 19:29:34,666 [Worker-8: Updating Maven Project] INFO  o.e.m.c.i.e.AbstractTransferListenerAdapter - Downloading https://repo.maven.apache.org/maven2/org/springframework/cloud/spring-cloud-starter-netflix-zuul/2.1.1.RELEASE/spring-cloud-starter-netflix-zuul-2.1.1.RELEASE.pom
2019-06-17 19:29:35,000 [Worker-8: Updating Maven Project] INFO  o.e.m.c.i.e.AbstractTransferListenerAdapter - Downloaded https://repo.maven.apache.org/maven2/org/springframework/cloud/spring-cloud-starter-netflix-zuul/2.1.1.RELEASE/spring-cloud-starter-netflix-zuul-2.1.1.RELEASE.pom
2019-06-17 19:29:35,354 [Worker-8: Updating Maven Project] INFO  o.e.m.c.i.e.AbstractTransferListenerAdapter - Downloading https://repo.maven.apache.org/maven2/org/springframework/cloud/spring-cloud-netflix-zuul/2.1.1.RELEASE/spring-cloud-netflix-zuul-2.1.1.RELEASE.pom
2019-06-17 19:29:35,929 [Worker-8: Updating Maven Project] INFO  o.e.m.c.i.e.AbstractTransferListenerAdapter - Downloaded https://repo.maven.apache.org/maven2/org/springframework/cloud/spring-cloud-netflix-zuul/2.1.1.RELEASE/spring-cloud-netflix-zuul-2.1.1.RELEASE.pom
2019-06-17 19:29:36,396 [Worker-8: Updating Maven Project] INFO  o.e.m.c.i.e.AbstractTransferListenerAdapter - Downloading https://repo.maven.apache.org/maven2/org/springframework/cloud/spring-cloud-starter-netflix-hystrix/2.1.1.RELEASE/spring-cloud-starter-netflix-hystrix-2.1.1.RELEASE.pom
2019-06-17 19:29:38,398 [Worker-8: Updating Maven Project] INFO  o.e.m.c.i.e.AbstractTransferListenerAdapter - Downloaded https://repo.maven.apache.org/maven2/org/springframework/cloud/spring-cloud-starter-netflix-hystrix/2.1.1.RELEASE/spring-cloud-starter-netflix-hystrix-2.1.1.RELEASE.pom
2019-06-17 19:29:45,992 [Worker-8: Updating Maven Project] INFO  o.e.m.c.i.e.AbstractTransferListenerAdapter - Downloading https://repo.maven.apache.org/maven2/com/netflix/hystrix/hystrix-serialization/1.5.18/hystrix-serialization-1.5.18.pom
2019-06-17 19:29:46,445 [Worker-8: Updating Maven Project] INFO  o.e.m.c.i.e.AbstractTransferListenerAdapter - Downloaded https://repo.maven.apache.org/maven2/com/netflix/hystrix/hystrix-serialization/1.5.18/hystrix-serialization-1.5.18.pom
2019-06-17 19:29:46,823 [Worker-8: Updating Maven Project] INFO  o.e.m.c.i.e.AbstractTransferListenerAdapter - Downloading https://repo.maven.apache.org/maven2/com/fasterxml/jackson/module/jackson-module-afterburner/2.9.8/jackson-module-afterburner-2.9.8.pom
2019-06-17 19:29:47,895 [Worker-8: Updating Maven Project] INFO  o.e.m.c.i.e.AbstractTransferListenerAdapter - Downloaded https://repo.maven.apache.org/maven2/com/fasterxml/jackson/module/jackson-module-afterburner/2.9.8/jackson-module-afterburner-2.9.8.pom
2019-06-17 19:29:49,009 [Worker-8: Updating Maven Project] INFO  o.e.m.c.i.e.AbstractTransferListenerAdapter - Downloading https://repo.maven.apache.org/maven2/com/netflix/hystrix/hystrix-metrics-event-stream/1.5.18/hystrix-metrics-event-stream-1.5.18.pom
2019-06-17 19:29:50,346 [Worker-8: Updating Maven Project] INFO  o.e.m.c.i.e.AbstractTransferListenerAdapter - Downloaded https://repo.maven.apache.org/maven2/com/netflix/hystrix/hystrix-metrics-event-stream/1.5.18/hystrix-metrics-event-stream-1.5.18.pom
2019-06-17 19:29:50,938 [Worker-8: Updating Maven Project] INFO  o.e.m.c.i.e.AbstractTransferListenerAdapter - Downloading https://repo.maven.apache.org/maven2/com/netflix/hystrix/hystrix-javanica/1.5.18/hystrix-javanica-1.5.18.pom
2019-06-17 19:29:51,263 [Worker-8: Updating Maven Project] INFO  o.e.m.c.i.e.AbstractTransferListenerAdapter - Downloaded https://repo.maven.apache.org/maven2/com/netflix/hystrix/hystrix-javanica/1.5.18/hystrix-javanica-1.5.18.pom
2019-06-17 19:29:51,606 [Worker-8: Updating Maven Project] INFO  o.e.m.c.i.e.AbstractTransferListenerAdapter - Downloading https://repo.maven.apache.org/maven2/org/apache/commons/commons-lang3/3.8.1/commons-lang3-3.8.1.pom
2019-06-17 19:29:56,246 [Worker-8: Updating Maven Project] INFO  o.e.m.c.i.e.AbstractTransferListenerAdapter - Downloaded https://repo.maven.apache.org/maven2/org/apache/commons/commons-lang3/3.8.1/commons-lang3-3.8.1.pom
2019-06-17 19:29:56,846 [Worker-8: Updating Maven Project] INFO  o.e.m.c.i.e.AbstractTransferListenerAdapter - Downloading https://repo.maven.apache.org/maven2/com/google/guava/guava/15.0/guava-15.0.pom
2019-06-17 19:29:57,406 [Worker-8: Updating Maven Project] INFO  o.e.m.c.i.e.AbstractTransferListenerAdapter - Downloaded https://repo.maven.apache.org/maven2/com/google/guava/guava/15.0/guava-15.0.pom
2019-06-17 19:29:57,792 [Worker-8: Updating Maven Project] INFO  o.e.m.c.i.e.AbstractTransferListenerAdapter - Downloading https://repo.maven.apache.org/maven2/com/google/guava/guava-parent/15.0/guava-parent-15.0.pom
2019-06-17 19:29:59,168 [Worker-8: Updating Maven Project] INFO  o.e.m.c.i.e.AbstractTransferListenerAdapter - Downloaded https://repo.maven.apache.org/maven2/com/google/guava/guava-parent/15.0/guava-parent-15.0.pom
2019-06-17 19:29:59,784 [Worker-8: Updating Maven Project] INFO  o.e.m.c.i.e.AbstractTransferListenerAdapter - Downloading https://repo.maven.apache.org/maven2/io/reactivex/rxjava-reactive-streams/1.2.1/rxjava-reactive-streams-1.2.1.pom
2019-06-17 19:30:01,686 [Worker-8: Updating Maven Project] INFO  o.e.m.c.i.e.AbstractTransferListenerAdapter - Downloaded https://repo.maven.apache.org/maven2/io/reactivex/rxjava-reactive-streams/1.2.1/rxjava-reactive-streams-1.2.1.pom
2019-06-17 19:30:03,170 [Worker-8: Updating Maven Project] INFO  o.e.m.c.i.e.AbstractTransferListenerAdapter - Downloading https://repo.maven.apache.org/maven2/com/netflix/zuul/zuul-core/1.3.1/zuul-core-1.3.1.pom
2019-06-17 19:30:04,511 [Worker-8: Updating Maven Project] INFO  o.e.m.c.i.e.AbstractTransferListenerAdapter - Downloaded https://repo.maven.apache.org/maven2/com/netflix/zuul/zuul-core/1.3.1/zuul-core-1.3.1.pom
2019-06-17 19:30:06,430 [Worker-8: Updating Maven Project] INFO  o.e.m.c.i.e.AbstractTransferListenerAdapter - Downloading https://repo.maven.apache.org/maven2/org/springframework/cloud/spring-cloud-starter-netflix-zuul/2.1.1.RELEASE/spring-cloud-starter-netflix-zuul-2.1.1.RELEASE.jar
2019-06-17 19:30:06,766 [Worker-8: Updating Maven Project] INFO  o.e.m.c.i.e.AbstractTransferListenerAdapter - Downloaded https://repo.maven.apache.org/maven2/org/springframework/cloud/spring-cloud-starter-netflix-zuul/2.1.1.RELEASE/spring-cloud-starter-netflix-zuul-2.1.1.RELEASE.jar
2019-06-17 19:30:07,072 [Worker-8: Updating Maven Project] INFO  o.e.m.c.i.e.AbstractTransferListenerAdapter - Downloading https://repo.maven.apache.org/maven2/org/springframework/cloud/spring-cloud-netflix-zuul/2.1.1.RELEASE/spring-cloud-netflix-zuul-2.1.1.RELEASE.jar
2019-06-17 19:30:21,323 [Worker-8: Updating Maven Project] INFO  o.e.m.c.i.e.AbstractTransferListenerAdapter - Downloaded https://repo.maven.apache.org/maven2/org/springframework/cloud/spring-cloud-netflix-zuul/2.1.1.RELEASE/spring-cloud-netflix-zuul-2.1.1.RELEASE.jar
2019-06-17 19:30:21,616 [Worker-8: Updating Maven Project] INFO  o.e.m.c.i.e.AbstractTransferListenerAdapter - Downloading https://repo.maven.apache.org/maven2/org/springframework/cloud/spring-cloud-starter-netflix-hystrix/2.1.1.RELEASE/spring-cloud-starter-netflix-hystrix-2.1.1.RELEASE.jar
2019-06-17 19:30:21,969 [Worker-8: Updating Maven Project] INFO  o.e.m.c.i.e.AbstractTransferListenerAdapter - Downloaded https://repo.maven.apache.org/maven2/org/springframework/cloud/spring-cloud-starter-netflix-hystrix/2.1.1.RELEASE/spring-cloud-starter-netflix-hystrix-2.1.1.RELEASE.jar
2019-06-17 19:30:22,287 [Worker-8: Updating Maven Project] INFO  o.e.m.c.i.e.AbstractTransferListenerAdapter - Downloading https://repo.maven.apache.org/maven2/com/netflix/hystrix/hystrix-serialization/1.5.18/hystrix-serialization-1.5.18.jar
2019-06-17 19:31:29,679 [Worker-8: Updating Maven Project] INFO  o.e.m.c.i.e.AbstractTransferListenerAdapter - Downloaded https://repo.maven.apache.org/maven2/com/netflix/hystrix/hystrix-serialization/1.5.18/hystrix-serialization-1.5.18.jar
2019-06-17 19:31:30,771 [Worker-8: Updating Maven Project] INFO  o.e.m.c.i.e.AbstractTransferListenerAdapter - Downloading https://repo.maven.apache.org/maven2/com/fasterxml/jackson/module/jackson-module-afterburner/2.9.8/jackson-module-afterburner-2.9.8.jar
2019-06-17 19:31:45,685 [Worker-8: Updating Maven Project] INFO  o.e.m.c.i.e.AbstractTransferListenerAdapter - Downloaded https://repo.maven.apache.org/maven2/com/fasterxml/jackson/module/jackson-module-afterburner/2.9.8/jackson-module-afterburner-2.9.8.jar
2019-06-17 19:31:46,234 [Worker-8: Updating Maven Project] INFO  o.e.m.c.i.e.AbstractTransferListenerAdapter - Downloading https://repo.maven.apache.org/maven2/com/netflix/hystrix/hystrix-metrics-event-stream/1.5.18/hystrix-metrics-event-stream-1.5.18.jar
2019-06-17 19:31:53,318 [Worker-8: Updating Maven Project] INFO  o.e.m.c.i.e.AbstractTransferListenerAdapter - Downloaded https://repo.maven.apache.org/maven2/com/netflix/hystrix/hystrix-metrics-event-stream/1.5.18/hystrix-metrics-event-stream-1.5.18.jar
2019-06-17 19:31:53,610 [Worker-8: Updating Maven Project] INFO  o.e.m.c.i.e.AbstractTransferListenerAdapter - Downloading https://repo.maven.apache.org/maven2/com/netflix/hystrix/hystrix-javanica/1.5.18/hystrix-javanica-1.5.18.jar
2019-06-17 19:32:09,247 [Worker-8: Updating Maven Project] INFO  o.e.m.c.i.e.AbstractTransferListenerAdapter - Downloaded https://repo.maven.apache.org/maven2/com/netflix/hystrix/hystrix-javanica/1.5.18/hystrix-javanica-1.5.18.jar
2019-06-17 19:32:09,542 [Worker-8: Updating Maven Project] INFO  o.e.m.c.i.e.AbstractTransferListenerAdapter - Downloading https://repo.maven.apache.org/maven2/org/apache/commons/commons-lang3/3.8.1/commons-lang3-3.8.1.jar
2019-06-17 19:33:01,985 [Worker-8: Updating Maven Project] INFO  o.e.m.c.i.e.AbstractTransferListenerAdapter - Downloaded https://repo.maven.apache.org/maven2/org/apache/commons/commons-lang3/3.8.1/commons-lang3-3.8.1.jar
2019-06-17 19:33:03,035 [Worker-8: Updating Maven Project] INFO  o.e.m.c.i.e.AbstractTransferListenerAdapter - Downloading https://repo.maven.apache.org/maven2/io/reactivex/rxjava-reactive-streams/1.2.1/rxjava-reactive-streams-1.2.1.jar
2019-06-17 19:33:05,860 [Worker-8: Updating Maven Project] INFO  o.e.m.c.i.e.AbstractTransferListenerAdapter - Downloaded https://repo.maven.apache.org/maven2/io/reactivex/rxjava-reactive-streams/1.2.1/rxjava-reactive-streams-1.2.1.jar
2019-06-17 19:33:07,224 [Worker-8: Updating Maven Project] INFO  o.e.m.c.i.e.AbstractTransferListenerAdapter - Downloading https://repo.maven.apache.org/maven2/com/netflix/zuul/zuul-core/1.3.1/zuul-core-1.3.1.jar
2019-06-17 19:33:13,149 [Worker-8: Updating Maven Project] INFO  o.e.m.c.i.e.AbstractTransferListenerAdapter - Downloaded https://repo.maven.apache.org/maven2/com/netflix/zuul/zuul-core/1.3.1/zuul-core-1.3.1.jar
2019-06-17 19:33:19,709 [Worker-8: Updating Maven Project] INFO  o.e.m.c.i.l.LifecycleMappingFactory - Using org.eclipse.m2e.jdt.JarLifecycleMapping lifecycle mapping for MavenProject: com.abc.ordermanagement:abc-company-order:0.0.1-SNAPSHOT @ C:\DSDiwakar\ex\Java\SpringBoot\Ex2\Workspace\abc-company-order\pom.xml.
2019-06-17 19:33:22,015 [Worker-8: Updating Maven Project] INFO  o.e.m.c.i.l.LifecycleMappingFactory - Using org.eclipse.m2e.jdt.JarLifecycleMapping lifecycle mapping for MavenProject: com.abc.ordermanagement:abc-product-service:0.0.1-SNAPSHOT @ C:\DSDiwakar\ex\Java\SpringBoot\Ex2\Workspace\abc-company-product\pom.xml.
2019-06-17 19:33:37,608 [Worker-15: Download sources and javadoc] INFO  o.e.m.c.i.e.AbstractTransferListenerAdapter - Downloaded https://repo.maven.apache.org/maven2/org/eclipse/jgit/org.eclipse.jgit/5.1.3.201810200350-r/org.eclipse.jgit-5.1.3.201810200350-r-sources.jar
2019-06-17 19:33:38,078 [Worker-15: Download sources and javadoc] INFO  o.e.m.j.internal.DownloadSourcesJob - Downloaded sources for org.eclipse.jgit:org.eclipse.jgit:5.1.3.201810200350-r
2019-06-17 19:33:41,047 [Worker-15: Download sources and javadoc] INFO  o.e.m.c.i.e.AbstractTransferListenerAdapter - Downloading https://repo.maven.apache.org/maven2/com/jcraft/jsch/0.1.54/jsch-0.1.54-sources.jar
2019-06-17 19:33:44,043 [Worker-8: Updating Maven Project] INFO  o.e.m.j.i.AbstractJavaProjectConfigurator - Adding source folder /abc-company-configservice/src/main/java
2019-06-17 19:33:44,047 [Worker-8: Updating Maven Project] INFO  o.e.m.j.i.AbstractJavaProjectConfigurator - Adding resource folder /abc-company-configservice/src/main/resources
2019-06-17 19:33:44,051 [Worker-8: Updating Maven Project] INFO  o.e.m.j.i.AbstractJavaProjectConfigurator - Adding resource folder /abc-company-configservice/src/main/resources
2019-06-17 19:33:44,055 [Worker-8: Updating Maven Project] INFO  o.e.m.j.i.AbstractJavaProjectConfigurator - Adding source folder /abc-company-configservice/src/test/java
2019-06-17 19:33:45,864 [Worker-8: Updating Maven Project] INFO  o.e.m.j.i.AbstractJavaProjectConfigurator - Adding source folder /abc-company-customer/src/main/java
2019-06-17 19:33:45,867 [Worker-8: Updating Maven Project] INFO  o.e.m.j.i.AbstractJavaProjectConfigurator - Adding resource folder /abc-company-customer/src/main/resources
2019-06-17 19:33:45,871 [Worker-8: Updating Maven Project] INFO  o.e.m.j.i.AbstractJavaProjectConfigurator - Adding resource folder /abc-company-customer/src/main/resources
2019-06-17 19:33:45,875 [Worker-8: Updating Maven Project] INFO  o.e.m.j.i.AbstractJavaProjectConfigurator - Adding source folder /abc-company-customer/src/test/java
2019-06-17 19:33:52,829 [Worker-8: Updating Maven Project] INFO  o.e.m.j.i.AbstractJavaProjectConfigurator - Adding source folder /abc-company-eurekaserver/src/main/java
2019-06-17 19:33:52,832 [Worker-8: Updating Maven Project] INFO  o.e.m.j.i.AbstractJavaProjectConfigurator - Adding resource folder /abc-company-eurekaserver/src/main/resources
2019-06-17 19:33:52,836 [Worker-8: Updating Maven Project] INFO  o.e.m.j.i.AbstractJavaProjectConfigurator - Adding resource folder /abc-company-eurekaserver/src/main/resources
2019-06-17 19:33:52,843 [Worker-8: Updating Maven Project] INFO  o.e.m.j.i.AbstractJavaProjectConfigurator - Adding source folder /abc-company-eurekaserver/src/test/java
2019-06-17 19:33:57,184 [Worker-8: Updating Maven Project] INFO  o.e.m.j.i.AbstractJavaProjectConfigurator - Adding source folder /abc-company-eurekazuul/src/main/java
2019-06-17 19:33:57,185 [Worker-8: Updating Maven Project] INFO  o.e.m.j.i.AbstractJavaProjectConfigurator - Adding resource folder /abc-company-eurekazuul/src/main/resources
2019-06-17 19:33:57,187 [Worker-8: Updating Maven Project] INFO  o.e.m.j.i.AbstractJavaProjectConfigurator - Adding resource folder /abc-company-eurekazuul/src/main/resources
2019-06-17 19:33:57,191 [Worker-8: Updating Maven Project] INFO  o.e.m.j.i.AbstractJavaProjectConfigurator - Adding source folder /abc-company-eurekazuul/src/test/java
2019-06-17 19:34:01,150 [Worker-8: Updating Maven Project] INFO  o.e.m.j.i.AbstractJavaProjectConfigurator - Adding source folder /abc-company-order/src/main/java
2019-06-17 19:34:01,152 [Worker-8: Updating Maven Project] INFO  o.e.m.j.i.AbstractJavaProjectConfigurator - Adding resource folder /abc-company-order/src/main/resources
2019-06-17 19:34:01,154 [Worker-8: Updating Maven Project] INFO  o.e.m.j.i.AbstractJavaProjectConfigurator - Adding resource folder /abc-company-order/src/main/resources
2019-06-17 19:34:01,157 [Worker-8: Updating Maven Project] INFO  o.e.m.j.i.AbstractJavaProjectConfigurator - Adding source folder /abc-company-order/src/test/java
2019-06-17 19:34:03,017 [Worker-15: Download sources and javadoc] INFO  o.e.m.c.i.e.AbstractTransferListenerAdapter - Downloaded https://repo.maven.apache.org/maven2/com/jcraft/jsch/0.1.54/jsch-0.1.54-sources.jar
2019-06-17 19:34:03,442 [Worker-15: Download sources and javadoc] INFO  o.e.m.j.internal.DownloadSourcesJob - Downloaded sources for com.jcraft:jsch:0.1.54
2019-06-17 19:34:03,747 [Worker-15: Download sources and javadoc] INFO  o.e.m.c.i.e.AbstractTransferListenerAdapter - Downloading https://repo.maven.apache.org/maven2/com/jcraft/jzlib/1.1.1/jzlib-1.1.1-sources.jar
2019-06-17 19:34:05,180 [Worker-8: Updating Maven Project] INFO  o.e.m.j.i.AbstractJavaProjectConfigurator - Adding source folder /abc-company-product/src/main/java
2019-06-17 19:34:05,188 [Worker-8: Updating Maven Project] INFO  o.e.m.j.i.AbstractJavaProjectConfigurator - Adding resource folder /abc-company-product/src/main/resources
2019-06-17 19:34:05,191 [Worker-8: Updating Maven Project] INFO  o.e.m.j.i.AbstractJavaProjectConfigurator - Adding resource folder /abc-company-product/src/main/resources
2019-06-17 19:34:05,199 [Worker-8: Updating Maven Project] INFO  o.e.m.j.i.AbstractJavaProjectConfigurator - Adding source folder /abc-company-product/src/test/java
2019-06-17 19:34:10,594 [Worker-15: Download sources and javadoc] INFO  o.e.m.c.i.e.AbstractTransferListenerAdapter - Downloaded https://repo.maven.apache.org/maven2/com/jcraft/jzlib/1.1.1/jzlib-1.1.1-sources.jar
2019-06-17 19:34:11,090 [Worker-15: Download sources and javadoc] INFO  o.e.m.j.internal.DownloadSourcesJob - Downloaded sources for com.jcraft:jzlib:1.1.1
2019-06-17 19:34:11,397 [Worker-15: Download sources and javadoc] INFO  o.e.m.c.i.e.AbstractTransferListenerAdapter - Downloading https://repo.maven.apache.org/maven2/com/googlecode/javaewah/JavaEWAH/1.1.6/JavaEWAH-1.1.6-sources.jar
2019-06-17 19:34:18,292 [Worker-8: Updating Maven Project] INFO  o.e.m.c.i.p.ProjectConfigurationManager - Update completed: 391 sec
2019-06-17 19:34:22,148 [Worker-15: Download sources and javadoc] INFO  o.e.m.c.i.e.AbstractTransferListenerAdapter - Downloaded https://repo.maven.apache.org/maven2/com/googlecode/javaewah/JavaEWAH/1.1.6/JavaEWAH-1.1.6-sources.jar
2019-06-17 19:34:22,800 [Worker-15: Download sources and javadoc] INFO  o.e.m.j.internal.DownloadSourcesJob - Downloaded sources for com.googlecode.javaewah:JavaEWAH:1.1.6
2019-06-17 19:34:23,107 [Worker-15: Download sources and javadoc] INFO  o.e.m.c.i.e.AbstractTransferListenerAdapter - Downloading https://repo.maven.apache.org/maven2/org/eclipse/jgit/org.eclipse.jgit.http.apache/5.1.3.201810200350-r/org.eclipse.jgit.http.apache-5.1.3.201810200350-r-sources.jar
2019-06-17 19:34:23,743 [Worker-21: Updating Maven Dependencies] INFO  o.e.m.c.i.l.LifecycleMappingFactory - Using org.eclipse.m2e.jdt.JarLifecycleMapping lifecycle mapping for MavenProject: com.abc.ordermanagement:abc-company-configservice:0.0.1-SNAPSHOT @ C:\DSDiwakar\ex\Java\SpringBoot\Ex2\Workspace\abc-company-configservice\pom.xml.
2019-06-17 19:34:25,347 [Worker-15: Download sources and javadoc] INFO  o.e.m.c.i.e.AbstractTransferListenerAdapter - Downloaded https://repo.maven.apache.org/maven2/org/eclipse/jgit/org.eclipse.jgit.http.apache/5.1.3.201810200350-r/org.eclipse.jgit.http.apache-5.1.3.201810200350-r-sources.jar
2019-06-17 19:34:25,640 [Worker-15: Download sources and javadoc] INFO  o.e.m.j.internal.DownloadSourcesJob - Downloaded sources for org.eclipse.jgit:org.eclipse.jgit.http.apache:5.1.3.201810200350-r
2019-06-17 19:34:46,240 [Worker-20: Download sources and javadoc] INFO  o.e.m.c.i.e.AbstractTransferListenerAdapter - Downloading https://repo.maven.apache.org/maven2/org/springframework/cloud/spring-cloud-starter-config/2.1.1.RELEASE/spring-cloud-starter-config-2.1.1.RELEASE-sources.jar
2019-06-17 19:34:46,871 [Worker-20: Download sources and javadoc] INFO  o.e.m.c.i.e.AbstractTransferListenerAdapter - Downloaded https://repo.maven.apache.org/maven2/org/springframework/cloud/spring-cloud-starter-config/2.1.1.RELEASE/spring-cloud-starter-config-2.1.1.RELEASE-sources.jar
2019-06-17 19:34:47,591 [Worker-20: Download sources and javadoc] INFO  o.e.m.j.internal.DownloadSourcesJob - Downloaded sources for org.springframework.cloud:spring-cloud-starter-config:2.1.1.RELEASE
2019-06-17 19:34:47,909 [Worker-20: Download sources and javadoc] INFO  o.e.m.c.i.e.AbstractTransferListenerAdapter - Downloading https://repo.maven.apache.org/maven2/org/springframework/cloud/spring-cloud-starter-openfeign/2.1.1.RELEASE/spring-cloud-starter-openfeign-2.1.1.RELEASE-sources.jar
2019-06-17 19:34:49,212 [Worker-20: Download sources and javadoc] INFO  o.e.m.c.i.e.AbstractTransferListenerAdapter - Downloaded https://repo.maven.apache.org/maven2/org/springframework/cloud/spring-cloud-starter-openfeign/2.1.1.RELEASE/spring-cloud-starter-openfeign-2.1.1.RELEASE-sources.jar
2019-06-17 19:34:49,967 [Worker-20: Download sources and javadoc] INFO  o.e.m.j.internal.DownloadSourcesJob - Downloaded sources for org.springframework.cloud:spring-cloud-starter-openfeign:2.1.1.RELEASE
2019-06-17 19:34:50,555 [Worker-20: Download sources and javadoc] INFO  o.e.m.c.i.e.AbstractTransferListenerAdapter - Downloading https://repo.maven.apache.org/maven2/org/springframework/cloud/spring-cloud-openfeign-core/2.1.1.RELEASE/spring-cloud-openfeign-core-2.1.1.RELEASE-sources.jar
2019-06-17 19:34:55,788 [Worker-20: Download sources and javadoc] INFO  o.e.m.c.i.e.AbstractTransferListenerAdapter - Downloaded https://repo.maven.apache.org/maven2/org/springframework/cloud/spring-cloud-openfeign-core/2.1.1.RELEASE/spring-cloud-openfeign-core-2.1.1.RELEASE-sources.jar
2019-06-17 19:34:56,037 [Worker-20: Download sources and javadoc] INFO  o.e.m.j.internal.DownloadSourcesJob - Downloaded sources for org.springframework.cloud:spring-cloud-openfeign-core:2.1.1.RELEASE
2019-06-17 19:34:56,866 [Worker-20: Download sources and javadoc] INFO  o.e.m.c.i.e.AbstractTransferListenerAdapter - Downloading https://repo.maven.apache.org/maven2/io/github/openfeign/form/feign-form-spring/3.5.0/feign-form-spring-3.5.0-sources.jar
2019-06-17 19:34:58,698 [Worker-20: Download sources and javadoc] INFO  o.e.m.c.i.e.AbstractTransferListenerAdapter - Downloaded https://repo.maven.apache.org/maven2/io/github/openfeign/form/feign-form-spring/3.5.0/feign-form-spring-3.5.0-sources.jar
2019-06-17 19:34:58,958 [Worker-20: Download sources and javadoc] INFO  o.e.m.j.internal.DownloadSourcesJob - Downloaded sources for io.github.openfeign.form:feign-form-spring:3.5.0
2019-06-17 19:34:59,520 [Worker-20: Download sources and javadoc] INFO  o.e.m.c.i.e.AbstractTransferListenerAdapter - Downloading https://repo.maven.apache.org/maven2/io/github/openfeign/form/feign-form/3.5.0/feign-form-3.5.0-sources.jar
2019-06-17 19:35:04,576 [Worker-20: Download sources and javadoc] INFO  o.e.m.c.i.e.AbstractTransferListenerAdapter - Downloaded https://repo.maven.apache.org/maven2/io/github/openfeign/form/feign-form/3.5.0/feign-form-3.5.0-sources.jar
2019-06-17 19:35:04,767 [Worker-20: Download sources and javadoc] INFO  o.e.m.j.internal.DownloadSourcesJob - Downloaded sources for io.github.openfeign.form:feign-form:3.5.0
2019-06-17 19:35:05,075 [Worker-20: Download sources and javadoc] INFO  o.e.m.c.i.e.AbstractTransferListenerAdapter - Downloading https://repo.maven.apache.org/maven2/commons-fileupload/commons-fileupload/1.3.3/commons-fileupload-1.3.3-sources.jar
2019-06-17 19:35:07,571 [Worker-20: Download sources and javadoc] INFO  o.e.m.c.i.e.AbstractTransferListenerAdapter - Downloaded https://repo.maven.apache.org/maven2/commons-fileupload/commons-fileupload/1.3.3/commons-fileupload-1.3.3-sources.jar
2019-06-17 19:35:07,999 [Worker-20: Download sources and javadoc] INFO  o.e.m.j.internal.DownloadSourcesJob - Downloaded sources for commons-fileupload:commons-fileupload:1.3.3
2019-06-17 19:35:08,315 [Worker-20: Download sources and javadoc] INFO  o.e.m.c.i.e.AbstractTransferListenerAdapter - Downloading https://repo.maven.apache.org/maven2/commons-io/commons-io/2.2/commons-io-2.2-sources.jar
2019-06-17 19:35:11,522 [Worker-20: Download sources and javadoc] INFO  o.e.m.c.i.e.AbstractTransferListenerAdapter - Downloaded https://repo.maven.apache.org/maven2/commons-io/commons-io/2.2/commons-io-2.2-sources.jar
2019-06-17 19:35:11,795 [Worker-20: Download sources and javadoc] INFO  o.e.m.j.internal.DownloadSourcesJob - Downloaded sources for commons-io:commons-io:2.2
2019-06-17 19:35:12,109 [Worker-20: Download sources and javadoc] INFO  o.e.m.c.i.e.AbstractTransferListenerAdapter - Downloading https://repo.maven.apache.org/maven2/io/github/openfeign/feign-core/10.1.0/feign-core-10.1.0-sources.jar
2019-06-17 19:35:14,071 [Worker-20: Download sources and javadoc] INFO  o.e.m.c.i.e.AbstractTransferListenerAdapter - Downloaded https://repo.maven.apache.org/maven2/io/github/openfeign/feign-core/10.1.0/feign-core-10.1.0-sources.jar
2019-06-17 19:35:15,825 [Worker-20: Download sources and javadoc] INFO  o.e.m.j.internal.DownloadSourcesJob - Downloaded sources for io.github.openfeign:feign-core:10.1.0
2019-06-17 19:35:16,134 [Worker-20: Download sources and javadoc] INFO  o.e.m.c.i.e.AbstractTransferListenerAdapter - Downloading https://repo.maven.apache.org/maven2/io/github/openfeign/feign-slf4j/10.1.0/feign-slf4j-10.1.0-sources.jar
2019-06-17 19:35:16,593 [Worker-20: Download sources and javadoc] INFO  o.e.m.c.i.e.AbstractTransferListenerAdapter - Downloaded https://repo.maven.apache.org/maven2/io/github/openfeign/feign-slf4j/10.1.0/feign-slf4j-10.1.0-sources.jar
2019-06-17 19:35:18,124 [Worker-20: Download sources and javadoc] INFO  o.e.m.j.internal.DownloadSourcesJob - Downloaded sources for io.github.openfeign:feign-slf4j:10.1.0
2019-06-17 19:35:18,439 [Worker-20: Download sources and javadoc] INFO  o.e.m.c.i.e.AbstractTransferListenerAdapter - Downloading https://repo.maven.apache.org/maven2/io/github/openfeign/feign-hystrix/10.1.0/feign-hystrix-10.1.0-sources.jar
2019-06-17 19:35:19,022 [Worker-20: Download sources and javadoc] INFO  o.e.m.c.i.e.AbstractTransferListenerAdapter - Downloaded https://repo.maven.apache.org/maven2/io/github/openfeign/feign-hystrix/10.1.0/feign-hystrix-10.1.0-sources.jar
2019-06-17 19:35:19,476 [Worker-20: Download sources and javadoc] INFO  o.e.m.j.internal.DownloadSourcesJob - Downloaded sources for io.github.openfeign:feign-hystrix:10.1.0
2019-06-17 19:35:22,470 [Worker-20: Download sources and javadoc] INFO  o.e.m.j.internal.DownloadSourcesJob - Downloaded sources for org.springframework.cloud:spring-cloud-starter-config:2.1.1.RELEASE
2019-06-17 19:35:24,274 [Worker-20: Download sources and javadoc] INFO  o.e.m.j.internal.DownloadSourcesJob - Downloaded sources for org.springframework.cloud:spring-cloud-starter-config:2.1.1.RELEASE
2019-06-17 19:35:26,391 [Worker-20: Download sources and javadoc] INFO  o.e.m.j.internal.DownloadSourcesJob - Downloaded sources for org.eclipse.jgit:org.eclipse.jgit:5.1.3.201810200350-r
2019-06-17 19:35:26,402 [Worker-20: Download sources and javadoc] INFO  o.e.m.j.internal.DownloadSourcesJob - Downloaded sources for com.jcraft:jsch:0.1.54
2019-06-17 19:35:26,412 [Worker-20: Download sources and javadoc] INFO  o.e.m.j.internal.DownloadSourcesJob - Downloaded sources for com.jcraft:jzlib:1.1.1
2019-06-17 19:35:26,422 [Worker-20: Download sources and javadoc] INFO  o.e.m.j.internal.DownloadSourcesJob - Downloaded sources for com.googlecode.javaewah:JavaEWAH:1.1.6
2019-06-17 19:35:26,435 [Worker-20: Download sources and javadoc] INFO  o.e.m.j.internal.DownloadSourcesJob - Downloaded sources for org.eclipse.jgit:org.eclipse.jgit.http.apache:5.1.3.201810200350-r
2019-06-17 19:35:29,673 [Worker-20: Download sources and javadoc] INFO  o.e.m.c.i.e.AbstractTransferListenerAdapter - Downloading https://repo.maven.apache.org/maven2/org/springframework/cloud/spring-cloud-starter-netflix-zuul/2.1.1.RELEASE/spring-cloud-starter-netflix-zuul-2.1.1.RELEASE-sources.jar
2019-06-17 19:35:30,020 [Worker-20: Download sources and javadoc] INFO  o.e.m.c.i.e.AbstractTransferListenerAdapter - Downloaded https://repo.maven.apache.org/maven2/org/springframework/cloud/spring-cloud-starter-netflix-zuul/2.1.1.RELEASE/spring-cloud-starter-netflix-zuul-2.1.1.RELEASE-sources.jar
2019-06-17 19:35:30,645 [Worker-20: Download sources and javadoc] INFO  o.e.m.j.internal.DownloadSourcesJob - Downloaded sources for org.springframework.cloud:spring-cloud-starter-netflix-zuul:2.1.1.RELEASE
2019-06-17 19:35:30,960 [Worker-20: Download sources and javadoc] INFO  o.e.m.c.i.e.AbstractTransferListenerAdapter - Downloading https://repo.maven.apache.org/maven2/org/springframework/cloud/spring-cloud-netflix-zuul/2.1.1.RELEASE/spring-cloud-netflix-zuul-2.1.1.RELEASE-sources.jar
2019-06-17 19:35:32,351 [Worker-20: Download sources and javadoc] INFO  o.e.m.c.i.e.AbstractTransferListenerAdapter - Downloaded https://repo.maven.apache.org/maven2/org/springframework/cloud/spring-cloud-netflix-zuul/2.1.1.RELEASE/spring-cloud-netflix-zuul-2.1.1.RELEASE-sources.jar
2019-06-17 19:35:32,762 [Worker-20: Download sources and javadoc] INFO  o.e.m.j.internal.DownloadSourcesJob - Downloaded sources for org.springframework.cloud:spring-cloud-netflix-zuul:2.1.1.RELEASE
2019-06-17 19:35:33,077 [Worker-20: Download sources and javadoc] INFO  o.e.m.c.i.e.AbstractTransferListenerAdapter - Downloading https://repo.maven.apache.org/maven2/org/springframework/cloud/spring-cloud-starter-netflix-hystrix/2.1.1.RELEASE/spring-cloud-starter-netflix-hystrix-2.1.1.RELEASE-sources.jar
2019-06-17 19:35:33,421 [Worker-20: Download sources and javadoc] INFO  o.e.m.c.i.e.AbstractTransferListenerAdapter - Downloaded https://repo.maven.apache.org/maven2/org/springframework/cloud/spring-cloud-starter-netflix-hystrix/2.1.1.RELEASE/spring-cloud-starter-netflix-hystrix-2.1.1.RELEASE-sources.jar
2019-06-17 19:35:33,634 [Worker-20: Download sources and javadoc] INFO  o.e.m.j.internal.DownloadSourcesJob - Downloaded sources for org.springframework.cloud:spring-cloud-starter-netflix-hystrix:2.1.1.RELEASE
2019-06-17 19:35:33,945 [Worker-20: Download sources and javadoc] INFO  o.e.m.c.i.e.AbstractTransferListenerAdapter - Downloading https://repo.maven.apache.org/maven2/com/netflix/hystrix/hystrix-serialization/1.5.18/hystrix-serialization-1.5.18-sources.jar
2019-06-17 19:35:34,519 [Worker-20: Download sources and javadoc] INFO  o.e.m.c.i.e.AbstractTransferListenerAdapter - Downloaded https://repo.maven.apache.org/maven2/com/netflix/hystrix/hystrix-serialization/1.5.18/hystrix-serialization-1.5.18-sources.jar
2019-06-17 19:35:34,716 [Worker-20: Download sources and javadoc] INFO  o.e.m.j.internal.DownloadSourcesJob - Downloaded sources for com.netflix.hystrix:hystrix-serialization:1.5.18
2019-06-17 19:35:35,030 [Worker-20: Download sources and javadoc] INFO  o.e.m.c.i.e.AbstractTransferListenerAdapter - Downloading https://repo.maven.apache.org/maven2/com/fasterxml/jackson/module/jackson-module-afterburner/2.9.8/jackson-module-afterburner-2.9.8-sources.jar
2019-06-17 19:35:36,384 [Worker-20: Download sources and javadoc] INFO  o.e.m.c.i.e.AbstractTransferListenerAdapter - Downloaded https://repo.maven.apache.org/maven2/com/fasterxml/jackson/module/jackson-module-afterburner/2.9.8/jackson-module-afterburner-2.9.8-sources.jar
2019-06-17 19:35:36,585 [Worker-20: Download sources and javadoc] INFO  o.e.m.j.internal.DownloadSourcesJob - Downloaded sources for com.fasterxml.jackson.module:jackson-module-afterburner:2.9.8
2019-06-17 19:35:36,892 [Worker-20: Download sources and javadoc] INFO  o.e.m.c.i.e.AbstractTransferListenerAdapter - Downloading https://repo.maven.apache.org/maven2/com/netflix/hystrix/hystrix-metrics-event-stream/1.5.18/hystrix-metrics-event-stream-1.5.18-sources.jar
2019-06-17 19:35:37,995 [Worker-20: Download sources and javadoc] INFO  o.e.m.c.i.e.AbstractTransferListenerAdapter - Downloaded https://repo.maven.apache.org/maven2/com/netflix/hystrix/hystrix-metrics-event-stream/1.5.18/hystrix-metrics-event-stream-1.5.18-sources.jar
2019-06-17 19:35:38,221 [Worker-20: Download sources and javadoc] INFO  o.e.m.j.internal.DownloadSourcesJob - Downloaded sources for com.netflix.hystrix:hystrix-metrics-event-stream:1.5.18
2019-06-17 19:35:38,533 [Worker-20: Download sources and javadoc] INFO  o.e.m.c.i.e.AbstractTransferListenerAdapter - Downloading https://repo.maven.apache.org/maven2/com/netflix/hystrix/hystrix-javanica/1.5.18/hystrix-javanica-1.5.18-sources.jar
2019-06-17 19:35:40,394 [Worker-20: Download sources and javadoc] INFO  o.e.m.c.i.e.AbstractTransferListenerAdapter - Downloaded https://repo.maven.apache.org/maven2/com/netflix/hystrix/hystrix-javanica/1.5.18/hystrix-javanica-1.5.18-sources.jar
2019-06-17 19:35:40,618 [Worker-20: Download sources and javadoc] INFO  o.e.m.j.internal.DownloadSourcesJob - Downloaded sources for com.netflix.hystrix:hystrix-javanica:1.5.18
2019-06-17 19:35:40,932 [Worker-20: Download sources and javadoc] INFO  o.e.m.c.i.e.AbstractTransferListenerAdapter - Downloading https://repo.maven.apache.org/maven2/org/apache/commons/commons-lang3/3.8.1/commons-lang3-3.8.1-sources.jar
2019-06-17 19:35:45,939 [Worker-20: Download sources and javadoc] INFO  o.e.m.c.i.e.AbstractTransferListenerAdapter - Downloaded https://repo.maven.apache.org/maven2/org/apache/commons/commons-lang3/3.8.1/commons-lang3-3.8.1-sources.jar
2019-06-17 19:35:46,272 [Worker-20: Download sources and javadoc] INFO  o.e.m.j.internal.DownloadSourcesJob - Downloaded sources for org.apache.commons:commons-lang3:3.8.1
2019-06-17 19:35:46,586 [Worker-20: Download sources and javadoc] INFO  o.e.m.c.i.e.AbstractTransferListenerAdapter - Downloading https://repo.maven.apache.org/maven2/io/reactivex/rxjava-reactive-streams/1.2.1/rxjava-reactive-streams-1.2.1-sources.jar
2019-06-17 19:35:46,921 [Worker-20: Download sources and javadoc] INFO  o.e.m.c.i.e.AbstractTransferListenerAdapter - Downloaded https://repo.maven.apache.org/maven2/io/reactivex/rxjava-reactive-streams/1.2.1/rxjava-reactive-streams-1.2.1-sources.jar
2019-06-17 19:35:47,144 [Worker-20: Download sources and javadoc] INFO  o.e.m.j.internal.DownloadSourcesJob - Downloaded sources for io.reactivex:rxjava-reactive-streams:1.2.1
2019-06-17 19:35:47,456 [Worker-20: Download sources and javadoc] INFO  o.e.m.c.i.e.AbstractTransferListenerAdapter - Downloading https://repo.maven.apache.org/maven2/org/reactivestreams/reactive-streams/1.0.2/reactive-streams-1.0.2-sources.jar
2019-06-17 19:35:47,781 [Worker-20: Download sources and javadoc] INFO  o.e.m.c.i.e.AbstractTransferListenerAdapter - Downloaded https://repo.maven.apache.org/maven2/org/reactivestreams/reactive-streams/1.0.2/reactive-streams-1.0.2-sources.jar
2019-06-17 19:35:48,142 [Worker-20: Download sources and javadoc] INFO  o.e.m.j.internal.DownloadSourcesJob - Downloaded sources for org.reactivestreams:reactive-streams:1.0.2
2019-06-17 19:35:48,459 [Worker-20: Download sources and javadoc] INFO  o.e.m.c.i.e.AbstractTransferListenerAdapter - Downloading https://repo.maven.apache.org/maven2/com/netflix/zuul/zuul-core/1.3.1/zuul-core-1.3.1-sources.jar
2019-06-17 19:35:49,593 [Worker-20: Download sources and javadoc] INFO  o.e.m.c.i.e.AbstractTransferListenerAdapter - Downloaded https://repo.maven.apache.org/maven2/com/netflix/zuul/zuul-core/1.3.1/zuul-core-1.3.1-sources.jar
2019-06-17 19:35:49,812 [Worker-20: Download sources and javadoc] INFO  o.e.m.j.internal.DownloadSourcesJob - Downloaded sources for com.netflix.zuul:zuul-core:1.3.1
2019-06-17 19:35:50,127 [Worker-20: Download sources and javadoc] INFO  o.e.m.c.i.e.AbstractTransferListenerAdapter - Downloading https://repo.maven.apache.org/maven2/commons-io/commons-io/2.4/commons-io-2.4-sources.jar
2019-06-17 19:35:52,541 [Worker-20: Download sources and javadoc] INFO  o.e.m.c.i.e.AbstractTransferListenerAdapter - Downloaded https://repo.maven.apache.org/maven2/commons-io/commons-io/2.4/commons-io-2.4-sources.jar
2019-06-17 19:35:52,752 [Worker-20: Download sources and javadoc] INFO  o.e.m.j.internal.DownloadSourcesJob - Downloaded sources for commons-io:commons-io:2.4
2019-06-17 19:35:52,763 [Worker-20: Download sources and javadoc] INFO  o.e.m.j.internal.DownloadSourcesJob - Downloaded sources for org.springframework.cloud:spring-cloud-starter-openfeign:2.1.1.RELEASE
2019-06-17 19:35:52,780 [Worker-20: Download sources and javadoc] INFO  o.e.m.j.internal.DownloadSourcesJob - Downloaded sources for org.springframework.cloud:spring-cloud-openfeign-core:2.1.1.RELEASE
2019-06-17 19:35:52,807 [Worker-20: Download sources and javadoc] INFO  o.e.m.j.internal.DownloadSourcesJob - Downloaded sources for io.github.openfeign.form:feign-form-spring:3.5.0
2019-06-17 19:35:52,820 [Worker-20: Download sources and javadoc] INFO  o.e.m.j.internal.DownloadSourcesJob - Downloaded sources for io.github.openfeign.form:feign-form:3.5.0
2019-06-17 19:35:52,832 [Worker-20: Download sources and javadoc] INFO  o.e.m.j.internal.DownloadSourcesJob - Downloaded sources for commons-fileupload:commons-fileupload:1.3.3
2019-06-17 19:35:52,847 [Worker-20: Download sources and javadoc] INFO  o.e.m.j.internal.DownloadSourcesJob - Downloaded sources for io.github.openfeign:feign-core:10.1.0
2019-06-17 19:35:52,858 [Worker-20: Download sources and javadoc] INFO  o.e.m.j.internal.DownloadSourcesJob - Downloaded sources for io.github.openfeign:feign-slf4j:10.1.0
2019-06-17 19:35:52,869 [Worker-20: Download sources and javadoc] INFO  o.e.m.j.internal.DownloadSourcesJob - Downloaded sources for io.github.openfeign:feign-hystrix:10.1.0
2019-06-17 19:35:52,882 [Worker-20: Download sources and javadoc] INFO  o.e.m.j.internal.DownloadSourcesJob - Downloaded sources for org.springframework.cloud:spring-cloud-starter-config:2.1.1.RELEASE
2019-06-17 19:35:52,910 [Worker-20: Download sources and javadoc] INFO  o.e.m.j.internal.DownloadSourcesJob - Downloaded sources for com.jcraft:jsch:0.1.54
2019-06-17 19:35:52,940 [Worker-20: Download sources and javadoc] INFO  o.e.m.j.internal.DownloadSourcesJob - Downloaded sources for com.jcraft:jzlib:1.1.1
2019-06-17 19:35:52,976 [Worker-20: Download sources and javadoc] INFO  o.e.m.j.internal.DownloadSourcesJob - Downloaded sources for com.googlecode.javaewah:JavaEWAH:1.1.6
2019-06-17 19:35:53,004 [Worker-20: Download sources and javadoc] INFO  o.e.m.j.internal.DownloadSourcesJob - Downloaded sources for org.eclipse.jgit:org.eclipse.jgit.http.apache:5.1.3.201810200350-r
2019-06-17 19:35:53,012 [Worker-20: Download sources and javadoc] INFO  o.e.m.j.internal.DownloadSourcesJob - Downloaded sources for org.springframework.cloud:spring-cloud-starter-config:2.1.1.RELEASE
2019-06-17 19:35:53,019 [Worker-20: Download sources and javadoc] INFO  o.e.m.j.internal.DownloadSourcesJob - Downloaded sources for org.springframework.cloud:spring-cloud-starter-openfeign:2.1.1.RELEASE
2019-06-17 19:35:53,026 [Worker-20: Download sources and javadoc] INFO  o.e.m.j.internal.DownloadSourcesJob - Downloaded sources for org.springframework.cloud:spring-cloud-openfeign-core:2.1.1.RELEASE
2019-06-17 19:35:53,036 [Worker-20: Download sources and javadoc] INFO  o.e.m.j.internal.DownloadSourcesJob - Downloaded sources for io.github.openfeign.form:feign-form-spring:3.5.0
2019-06-17 19:35:53,046 [Worker-20: Download sources and javadoc] INFO  o.e.m.j.internal.DownloadSourcesJob - Downloaded sources for io.github.openfeign.form:feign-form:3.5.0
2019-06-17 19:35:53,059 [Worker-20: Download sources and javadoc] INFO  o.e.m.j.internal.DownloadSourcesJob - Downloaded sources for commons-fileupload:commons-fileupload:1.3.3
2019-06-17 19:35:53,070 [Worker-20: Download sources and javadoc] INFO  o.e.m.j.internal.DownloadSourcesJob - Downloaded sources for commons-io:commons-io:2.2
2019-06-17 19:35:53,077 [Worker-20: Download sources and javadoc] INFO  o.e.m.j.internal.DownloadSourcesJob - Downloaded sources for io.github.openfeign:feign-core:10.1.0
2019-06-17 19:35:53,085 [Worker-20: Download sources and javadoc] INFO  o.e.m.j.internal.DownloadSourcesJob - Downloaded sources for io.github.openfeign:feign-slf4j:10.1.0
2019-06-17 19:35:53,098 [Worker-20: Download sources and javadoc] INFO  o.e.m.j.internal.DownloadSourcesJob - Downloaded sources for io.github.openfeign:feign-hystrix:10.1.0
2019-06-17 19:35:53,110 [Worker-20: Download sources and javadoc] INFO  o.e.m.j.internal.DownloadSourcesJob - Downloaded sources for org.springframework.cloud:spring-cloud-starter-netflix-zuul:2.1.1.RELEASE
2019-06-17 19:35:53,119 [Worker-20: Download sources and javadoc] INFO  o.e.m.j.internal.DownloadSourcesJob - Downloaded sources for org.springframework.cloud:spring-cloud-netflix-zuul:2.1.1.RELEASE
2019-06-17 19:35:53,130 [Worker-20: Download sources and javadoc] INFO  o.e.m.j.internal.DownloadSourcesJob - Downloaded sources for org.springframework.cloud:spring-cloud-starter-netflix-hystrix:2.1.1.RELEASE
2019-06-17 19:35:53,141 [Worker-20: Download sources and javadoc] INFO  o.e.m.j.internal.DownloadSourcesJob - Downloaded sources for com.netflix.hystrix:hystrix-serialization:1.5.18
2019-06-17 19:35:53,151 [Worker-20: Download sources and javadoc] INFO  o.e.m.j.internal.DownloadSourcesJob - Downloaded sources for com.fasterxml.jackson.module:jackson-module-afterburner:2.9.8
2019-06-17 19:35:53,164 [Worker-20: Download sources and javadoc] INFO  o.e.m.j.internal.DownloadSourcesJob - Downloaded sources for com.netflix.hystrix:hystrix-metrics-event-stream:1.5.18
2019-06-17 19:35:53,175 [Worker-20: Download sources and javadoc] INFO  o.e.m.j.internal.DownloadSourcesJob - Downloaded sources for com.netflix.hystrix:hystrix-javanica:1.5.18
2019-06-17 19:35:53,192 [Worker-20: Download sources and javadoc] INFO  o.e.m.j.internal.DownloadSourcesJob - Downloaded sources for org.apache.commons:commons-lang3:3.8.1
2019-06-17 19:35:53,203 [Worker-20: Download sources and javadoc] INFO  o.e.m.j.internal.DownloadSourcesJob - Downloaded sources for io.reactivex:rxjava-reactive-streams:1.2.1
2019-06-17 19:35:53,215 [Worker-20: Download sources and javadoc] INFO  o.e.m.j.internal.DownloadSourcesJob - Downloaded sources for org.reactivestreams:reactive-streams:1.0.2
2019-06-17 19:35:53,229 [Worker-20: Download sources and javadoc] INFO  o.e.m.j.internal.DownloadSourcesJob - Downloaded sources for com.netflix.zuul:zuul-core:1.3.1
2019-06-17 19:35:53,241 [Worker-20: Download sources and javadoc] INFO  o.e.m.j.internal.DownloadSourcesJob - Downloaded sources for commons-io:commons-io:2.4
2019-06-17 19:35:53,249 [Worker-20: Download sources and javadoc] INFO  o.e.m.j.internal.DownloadSourcesJob - Downloaded sources for org.springframework.cloud:spring-cloud-starter-openfeign:2.1.1.RELEASE
2019-06-17 19:35:53,257 [Worker-20: Download sources and javadoc] INFO  o.e.m.j.internal.DownloadSourcesJob - Downloaded sources for org.springframework.cloud:spring-cloud-openfeign-core:2.1.1.RELEASE
2019-06-17 19:35:53,265 [Worker-20: Download sources and javadoc] INFO  o.e.m.j.internal.DownloadSourcesJob - Downloaded sources for io.github.openfeign.form:feign-form-spring:3.5.0
2019-06-17 19:35:53,272 [Worker-20: Download sources and javadoc] INFO  o.e.m.j.internal.DownloadSourcesJob - Downloaded sources for io.github.openfeign.form:feign-form:3.5.0
2019-06-17 19:35:53,278 [Worker-20: Download sources and javadoc] INFO  o.e.m.j.internal.DownloadSourcesJob - Downloaded sources for commons-fileupload:commons-fileupload:1.3.3
2019-06-17 19:35:53,285 [Worker-20: Download sources and javadoc] INFO  o.e.m.j.internal.DownloadSourcesJob - Downloaded sources for io.github.openfeign:feign-core:10.1.0
2019-06-17 19:35:53,297 [Worker-20: Download sources and javadoc] INFO  o.e.m.j.internal.DownloadSourcesJob - Downloaded sources for io.github.openfeign:feign-slf4j:10.1.0
2019-06-17 19:35:53,309 [Worker-20: Download sources and javadoc] INFO  o.e.m.j.internal.DownloadSourcesJob - Downloaded sources for io.github.openfeign:feign-hystrix:10.1.0
2019-06-17 19:35:53,319 [Worker-20: Download sources and javadoc] INFO  o.e.m.j.internal.DownloadSourcesJob - Downloaded sources for org.springframework.cloud:spring-cloud-starter-config:2.1.1.RELEASE
2019-06-17 19:35:53,328 [Worker-20: Download sources and javadoc] INFO  o.e.m.j.internal.DownloadSourcesJob - Downloaded sources for org.springframework.cloud:spring-cloud-starter-config:2.1.1.RELEASE
2019-06-17 19:35:53,335 [Worker-20: Download sources and javadoc] INFO  o.e.m.j.internal.DownloadSourcesJob - Downloaded sources for org.springframework.cloud:spring-cloud-starter-config:2.1.1.RELEASE
2019-06-17 19:40:55,807 [Worker-23: Building Workspace] INFO  o.e.m.c.i.embedder.EclipseLogger - Using 'UTF-8' encoding to copy filtered resources.
2019-06-17 19:40:55,809 [Worker-23: Building Workspace] INFO  o.e.m.c.i.embedder.EclipseLogger - Copying 1 resource
2019-06-17 19:40:55,920 [Worker-23: Building Workspace] INFO  o.e.m.c.i.embedder.EclipseLogger - Copying 0 resource
2019-06-17 19:40:55,929 [Worker-23: Building Workspace] INFO  o.e.m.c.i.embedder.EclipseLogger - Using 'UTF-8' encoding to copy filtered resources.
2019-06-17 19:40:55,933 [Worker-23: Building Workspace] INFO  o.e.m.c.i.embedder.EclipseLogger - skip non existing resourceDirectory C:\DSDiwakar\ex\Java\SpringBoot\Ex2\Workspace\abc-company-configservice\src\test\resources
2019-06-17 19:41:29,425 [Worker-23: Building Workspace] INFO  o.e.m.c.i.embedder.EclipseLogger - Using 'UTF-8' encoding to copy filtered resources.
2019-06-17 19:41:29,426 [Worker-23: Building Workspace] INFO  o.e.m.c.i.embedder.EclipseLogger - Copying 0 resource
2019-06-17 19:41:29,428 [Worker-23: Building Workspace] INFO  o.e.m.c.i.embedder.EclipseLogger - Copying 1 resource
2019-06-17 19:41:29,555 [Worker-23: Building Workspace] INFO  o.e.m.c.i.embedder.EclipseLogger - Using 'UTF-8' encoding to copy filtered resources.
2019-06-17 19:41:29,556 [Worker-23: Building Workspace] INFO  o.e.m.c.i.embedder.EclipseLogger - skip non existing resourceDirectory C:\DSDiwakar\ex\Java\SpringBoot\Ex2\Workspace\abc-company-customer\src\test\resources
2019-06-17 19:41:37,732 [Worker-23: Building Workspace] INFO  o.e.m.c.i.embedder.EclipseLogger - Using 'UTF-8' encoding to copy filtered resources.
2019-06-17 19:41:37,738 [Worker-23: Building Workspace] INFO  o.e.m.c.i.embedder.EclipseLogger - Copying 1 resource
2019-06-17 19:41:37,792 [Worker-23: Building Workspace] INFO  o.e.m.c.i.embedder.EclipseLogger - Copying 0 resource
2019-06-17 19:41:37,797 [Worker-23: Building Workspace] INFO  o.e.m.c.i.embedder.EclipseLogger - Using 'UTF-8' encoding to copy filtered resources.
2019-06-17 19:41:37,798 [Worker-23: Building Workspace] INFO  o.e.m.c.i.embedder.EclipseLogger - skip non existing resourceDirectory C:\DSDiwakar\ex\Java\SpringBoot\Ex2\Workspace\abc-company-eurekaserver\src\test\resources
2019-06-17 19:41:45,600 [Worker-23: Building Workspace] INFO  o.e.m.c.i.embedder.EclipseLogger - Using 'UTF-8' encoding to copy filtered resources.
2019-06-17 19:41:45,603 [Worker-23: Building Workspace] INFO  o.e.m.c.i.embedder.EclipseLogger - Copying 0 resource
2019-06-17 19:41:45,605 [Worker-23: Building Workspace] INFO  o.e.m.c.i.embedder.EclipseLogger - Copying 1 resource
2019-06-17 19:41:45,688 [Worker-23: Building Workspace] INFO  o.e.m.c.i.embedder.EclipseLogger - Using 'UTF-8' encoding to copy filtered resources.
2019-06-17 19:41:45,689 [Worker-23: Building Workspace] INFO  o.e.m.c.i.embedder.EclipseLogger - skip non existing resourceDirectory C:\DSDiwakar\ex\Java\SpringBoot\Ex2\Workspace\abc-company-eurekazuul\src\test\resources
2019-06-17 19:41:57,098 [Worker-23: Building Workspace] INFO  o.e.m.c.i.embedder.EclipseLogger - Using 'UTF-8' encoding to copy filtered resources.
2019-06-17 19:41:57,102 [Worker-23: Building Workspace] INFO  o.e.m.c.i.embedder.EclipseLogger - Copying 0 resource
2019-06-17 19:41:57,104 [Worker-23: Building Workspace] INFO  o.e.m.c.i.embedder.EclipseLogger - Copying 1 resource
2019-06-17 19:41:57,158 [Worker-23: Building Workspace] INFO  o.e.m.c.i.embedder.EclipseLogger - Using 'UTF-8' encoding to copy filtered resources.
2019-06-17 19:41:57,159 [Worker-23: Building Workspace] INFO  o.e.m.c.i.embedder.EclipseLogger - skip non existing resourceDirectory C:\DSDiwakar\ex\Java\SpringBoot\Ex2\Workspace\abc-company-order\src\test\resources
2019-06-17 19:42:05,051 [Worker-23: Building Workspace] INFO  o.e.m.c.i.embedder.EclipseLogger - Using 'UTF-8' encoding to copy filtered resources.
2019-06-17 19:42:05,052 [Worker-23: Building Workspace] INFO  o.e.m.c.i.embedder.EclipseLogger - Copying 0 resource
2019-06-17 19:42:05,054 [Worker-23: Building Workspace] INFO  o.e.m.c.i.embedder.EclipseLogger - Copying 1 resource
2019-06-17 19:42:05,097 [Worker-23: Building Workspace] INFO  o.e.m.c.i.embedder.EclipseLogger - Using 'UTF-8' encoding to copy filtered resources.
2019-06-17 19:42:05,099 [Worker-23: Building Workspace] INFO  o.e.m.c.i.embedder.EclipseLogger - skip non existing resourceDirectory C:\DSDiwakar\ex\Java\SpringBoot\Ex2\Workspace\abc-company-product\src\test\resources
2019-06-17 20:16:22,307 [Worker-3: Loading available Gradle versions] INFO  o.e.b.c.i.u.g.PublishedGradleVersions - Gradle version information cache is up-to-date. Trying to read.
2019-06-17 20:34:24,182 [Worker-18: Launching abc-company-eurekaserver - AbcCompanyEurekaserverApplication] INFO  o.e.m.c.i.embedder.EclipseLogger - Using 'UTF-8' encoding to copy filtered resources.
2019-06-17 20:34:24,191 [Worker-18: Launching abc-company-eurekaserver - AbcCompanyEurekaserverApplication] INFO  o.e.m.c.i.embedder.EclipseLogger - Copying 1 resource
2019-06-17 20:34:24,220 [Worker-18: Launching abc-company-eurekaserver - AbcCompanyEurekaserverApplication] INFO  o.e.m.c.i.embedder.EclipseLogger - Copying 0 resource
2019-06-17 20:34:24,226 [Worker-18: Launching abc-company-eurekaserver - AbcCompanyEurekaserverApplication] INFO  o.e.m.c.i.embedder.EclipseLogger - Using 'UTF-8' encoding to copy filtered resources.
2019-06-17 20:34:24,226 [Worker-18: Launching abc-company-eurekaserver - AbcCompanyEurekaserverApplication] INFO  o.e.m.c.i.embedder.EclipseLogger - skip non existing resourceDirectory C:\DSDiwakar\ex\Java\SpringBoot\Ex2\Workspace\abc-company-eurekaserver\src\test\resources
2019-06-17 20:42:44,271 [Worker-20: Launching abc-company-configservice - AbcCompanyConfigserviceApplication] INFO  o.e.m.c.i.embedder.EclipseLogger - Using 'UTF-8' encoding to copy filtered resources.
2019-06-17 20:42:44,273 [Worker-20: Launching abc-company-configservice - AbcCompanyConfigserviceApplication] INFO  o.e.m.c.i.embedder.EclipseLogger - Copying 1 resource
2019-06-17 20:42:44,283 [Worker-20: Launching abc-company-configservice - AbcCompanyConfigserviceApplication] INFO  o.e.m.c.i.embedder.EclipseLogger - Copying 0 resource
2019-06-17 20:42:44,288 [Worker-20: Launching abc-company-configservice - AbcCompanyConfigserviceApplication] INFO  o.e.m.c.i.embedder.EclipseLogger - Using 'UTF-8' encoding to copy filtered resources.
2019-06-17 20:42:44,289 [Worker-20: Launching abc-company-configservice - AbcCompanyConfigserviceApplication] INFO  o.e.m.c.i.embedder.EclipseLogger - skip non existing resourceDirectory C:\DSDiwakar\ex\Java\SpringBoot\Ex2\Workspace\abc-company-configservice\src\test\resources
2019-06-17 20:43:09,646 [Worker-23: Launching abc-company-customer - AbcCompanyCustomerApplication] INFO  o.e.m.c.i.embedder.EclipseLogger - Using 'UTF-8' encoding to copy filtered resources.
2019-06-17 20:43:09,648 [Worker-23: Launching abc-company-customer - AbcCompanyCustomerApplication] INFO  o.e.m.c.i.embedder.EclipseLogger - Copying 0 resource
2019-06-17 20:43:09,650 [Worker-23: Launching abc-company-customer - AbcCompanyCustomerApplication] INFO  o.e.m.c.i.embedder.EclipseLogger - Copying 1 resource
2019-06-17 20:43:09,694 [Worker-23: Launching abc-company-customer - AbcCompanyCustomerApplication] INFO  o.e.m.c.i.embedder.EclipseLogger - Using 'UTF-8' encoding to copy filtered resources.
2019-06-17 20:43:09,695 [Worker-23: Launching abc-company-customer - AbcCompanyCustomerApplication] INFO  o.e.m.c.i.embedder.EclipseLogger - skip non existing resourceDirectory C:\DSDiwakar\ex\Java\SpringBoot\Ex2\Workspace\abc-company-customer\src\test\resources
2019-06-17 20:43:37,157 [Worker-20: Launching abc-company-order - AbcCompanyOrderApplication] INFO  o.e.m.c.i.embedder.EclipseLogger - Using 'UTF-8' encoding to copy filtered resources.
2019-06-17 20:43:37,160 [Worker-20: Launching abc-company-order - AbcCompanyOrderApplication] INFO  o.e.m.c.i.embedder.EclipseLogger - Copying 0 resource
2019-06-17 20:43:37,161 [Worker-20: Launching abc-company-order - AbcCompanyOrderApplication] INFO  o.e.m.c.i.embedder.EclipseLogger - Copying 1 resource
2019-06-17 20:43:37,182 [Worker-20: Launching abc-company-order - AbcCompanyOrderApplication] INFO  o.e.m.c.i.embedder.EclipseLogger - Using 'UTF-8' encoding to copy filtered resources.
2019-06-17 20:43:37,183 [Worker-20: Launching abc-company-order - AbcCompanyOrderApplication] INFO  o.e.m.c.i.embedder.EclipseLogger - skip non existing resourceDirectory C:\DSDiwakar\ex\Java\SpringBoot\Ex2\Workspace\abc-company-order\src\test\resources
2019-06-17 21:56:15,040 [Worker-4: Loading available Gradle versions] INFO  o.e.b.c.i.u.g.PublishedGradleVersions - Gradle version information cache is up-to-date. Trying to read.
2019-06-17 22:11:15,108 [Worker-7: Launching abc-company-eurekaserver - AbcCompanyEurekaserverApplication] INFO  o.e.m.c.i.embedder.EclipseLogger - Using 'UTF-8' encoding to copy filtered resources.
2019-06-17 22:11:15,131 [Worker-7: Launching abc-company-eurekaserver - AbcCompanyEurekaserverApplication] INFO  o.e.m.c.i.embedder.EclipseLogger - Copying 1 resource
2019-06-17 22:11:15,180 [Worker-7: Launching abc-company-eurekaserver - AbcCompanyEurekaserverApplication] INFO  o.e.m.c.i.embedder.EclipseLogger - Copying 0 resource
2019-06-17 22:11:15,198 [Worker-7: Launching abc-company-eurekaserver - AbcCompanyEurekaserverApplication] INFO  o.e.m.c.i.embedder.EclipseLogger - Using 'UTF-8' encoding to copy filtered resources.
2019-06-17 22:11:15,199 [Worker-7: Launching abc-company-eurekaserver - AbcCompanyEurekaserverApplication] INFO  o.e.m.c.i.embedder.EclipseLogger - skip non existing resourceDirectory C:\DSDiwakar\ex\Java\SpringBoot\Ex2\Workspace\abc-company-eurekaserver\src\test\resources
2019-06-17 22:12:01,489 [Worker-9: Launching abc-company-customer - AbcCompanyCustomerApplication] INFO  o.e.m.c.i.embedder.EclipseLogger - Using 'UTF-8' encoding to copy filtered resources.
2019-06-17 22:12:01,490 [Worker-9: Launching abc-company-customer - AbcCompanyCustomerApplication] INFO  o.e.m.c.i.embedder.EclipseLogger - Copying 0 resource
2019-06-17 22:12:01,492 [Worker-9: Launching abc-company-customer - AbcCompanyCustomerApplication] INFO  o.e.m.c.i.embedder.EclipseLogger - Copying 2 resources
2019-06-17 22:12:01,533 [Worker-9: Launching abc-company-customer - AbcCompanyCustomerApplication] INFO  o.e.m.c.i.embedder.EclipseLogger - Using 'UTF-8' encoding to copy filtered resources.
2019-06-17 22:12:01,534 [Worker-9: Launching abc-company-customer - AbcCompanyCustomerApplication] INFO  o.e.m.c.i.embedder.EclipseLogger - skip non existing resourceDirectory C:\DSDiwakar\ex\Java\SpringBoot\Ex2\Workspace\abc-company-customer\src\test\resources
2019-06-17 22:13:36,401 [Worker-13: Launching abc-company-eurekazuul - AbcCompanyEurekazuulApplication] INFO  o.e.m.c.i.embedder.EclipseLogger - Using 'UTF-8' encoding to copy filtered resources.
2019-06-17 22:13:36,402 [Worker-13: Launching abc-company-eurekazuul - AbcCompanyEurekazuulApplication] INFO  o.e.m.c.i.embedder.EclipseLogger - Copying 0 resource
2019-06-17 22:13:36,404 [Worker-13: Launching abc-company-eurekazuul - AbcCompanyEurekazuulApplication] INFO  o.e.m.c.i.embedder.EclipseLogger - Copying 2 resources
2019-06-17 22:13:36,435 [Worker-13: Launching abc-company-eurekazuul - AbcCompanyEurekazuulApplication] INFO  o.e.m.c.i.embedder.EclipseLogger - Using 'UTF-8' encoding to copy filtered resources.
2019-06-17 22:13:36,436 [Worker-13: Launching abc-company-eurekazuul - AbcCompanyEurekazuulApplication] INFO  o.e.m.c.i.embedder.EclipseLogger - skip non existing resourceDirectory C:\DSDiwakar\ex\Java\SpringBoot\Ex2\Workspace\abc-company-eurekazuul\src\test\resources
2019-06-17 22:14:24,051 [Worker-9: Launching abc-company-configservice - AbcCompanyConfigserviceApplication] INFO  o.e.m.c.i.embedder.EclipseLogger - Using 'UTF-8' encoding to copy filtered resources.
2019-06-17 22:14:24,052 [Worker-9: Launching abc-company-configservice - AbcCompanyConfigserviceApplication] INFO  o.e.m.c.i.embedder.EclipseLogger - Copying 1 resource
2019-06-17 22:14:24,058 [Worker-9: Launching abc-company-configservice - AbcCompanyConfigserviceApplication] INFO  o.e.m.c.i.embedder.EclipseLogger - Copying 0 resource
2019-06-17 22:14:24,063 [Worker-9: Launching abc-company-configservice - AbcCompanyConfigserviceApplication] INFO  o.e.m.c.i.embedder.EclipseLogger - Using 'UTF-8' encoding to copy filtered resources.
2019-06-17 22:14:24,064 [Worker-9: Launching abc-company-configservice - AbcCompanyConfigserviceApplication] INFO  o.e.m.c.i.embedder.EclipseLogger - skip non existing resourceDirectory C:\DSDiwakar\ex\Java\SpringBoot\Ex2\Workspace\abc-company-configservice\src\test\resources
2019-06-17 22:16:57,912 [Worker-9: Launching abc-company-product - AbcCompanyProductApplication] INFO  o.e.m.c.i.embedder.EclipseLogger - Using 'UTF-8' encoding to copy filtered resources.
2019-06-17 22:16:57,914 [Worker-9: Launching abc-company-product - AbcCompanyProductApplication] INFO  o.e.m.c.i.embedder.EclipseLogger - Copying 0 resource
2019-06-17 22:16:57,915 [Worker-9: Launching abc-company-product - AbcCompanyProductApplication] INFO  o.e.m.c.i.embedder.EclipseLogger - Copying 2 resources
2019-06-17 22:16:57,966 [Worker-9: Launching abc-company-product - AbcCompanyProductApplication] INFO  o.e.m.c.i.embedder.EclipseLogger - Using 'UTF-8' encoding to copy filtered resources.
2019-06-17 22:16:57,966 [Worker-9: Launching abc-company-product - AbcCompanyProductApplication] INFO  o.e.m.c.i.embedder.EclipseLogger - skip non existing resourceDirectory C:\DSDiwakar\ex\Java\SpringBoot\Ex2\Workspace\abc-company-product\src\test\resources
2019-06-25 10:23:24,704 [Worker-0: Loading available Gradle versions] INFO  o.e.b.c.i.u.g.PublishedGradleVersions - Gradle version information cache is out-of-date. Trying to update.
2019-06-25 10:23:26,667 [Worker-0: Loading available Gradle versions] INFO  o.e.b.c.i.u.g.PublishedGradleVersions - Updating Gradle version information cache failed. Using outdated cache.
2019-06-27 10:50:35,352 [Worker-1: Loading available Gradle versions] INFO  o.e.b.c.i.u.g.PublishedGradleVersions - Gradle version information cache is up-to-date. Trying to read.
2019-06-27 10:59:06,069 [Worker-3: Loading available Gradle versions] INFO  o.e.b.c.i.u.g.PublishedGradleVersions - Gradle version information cache is up-to-date. Trying to read.
2019-07-03 10:47:15,790 [Worker-2: Loading available Gradle versions] INFO  o.e.b.c.i.u.g.PublishedGradleVersions - Gradle version information cache is up-to-date. Trying to read.
